[2m2022-05-26 00:13:49.960[0;39m [32m INFO[0;39m [35m20960[0;39m [2m---[0;39m [2m[  restartedMain][0;39m [36mo.s.b.w.embedded.tomcat.TomcatWebServer [0;39m [2m:[0;39m Tomcat initialized with port(s): 9999 (http)
[2m2022-05-26 00:13:50.162[0;39m [32m INFO[0;39m [35m20960[0;39m [2m---[0;39m [2m[  restartedMain][0;39m [36mw.s.c.ServletWebServerApplicationContext[0;39m [2m:[0;39m Root WebApplicationContext: initialization completed in 1646 ms
[2m2022-05-26 00:13:50.594[0;39m [32m INFO[0;39m [35m20960[0;39m [2m---[0;39m [2m[  restartedMain][0;39m [36mo.s.b.d.a.OptionalLiveReloadServer      [0;39m [2m:[0;39m LiveReload server is running on port 35729
[2m2022-05-26 00:13:50.806[0;39m [32m INFO[0;39m [35m20960[0;39m [2m---[0;39m [2m[  restartedMain][0;39m [36mo.s.b.w.embedded.tomcat.TomcatWebServer [0;39m [2m:[0;39m Tomcat started on port(s): 9999 (http) with context path '/vue'
[2m2022-05-26 00:13:50.966[0;39m [32m INFO[0;39m [35m20960[0;39m [2m---[0;39m [2m[  restartedMain][0;39m [36m.ConditionEvaluationDeltaLoggingListener[0;39m [2m:[0;39m Condition evaluation unchanged
[2m2022-05-26 00:13:59.174[0;39m [32m INFO[0;39m [35m20960[0;39m [2m---[0;39m [2m[  restartedMain][0;39m [36mo.s.b.w.embedded.tomcat.TomcatWebServer [0;39m [2m:[0;39m Tomcat initialized with port(s): 9999 (http)
[2m2022-05-26 00:13:59.330[0;39m [32m INFO[0;39m [35m20960[0;39m [2m---[0;39m [2m[  restartedMain][0;39m [36mw.s.c.ServletWebServerApplicationContext[0;39m [2m:[0;39m Root WebApplicationContext: initialization completed in 1330 ms
[2m2022-05-26 00:13:59.951[0;39m [32m INFO[0;39m [35m20960[0;39m [2m---[0;39m [2m[  restartedMain][0;39m [36mo.s.b.d.a.OptionalLiveReloadServer      [0;39m [2m:[0;39m LiveReload server is running on port 35729
[2m2022-05-26 00:14:00.122[0;39m [32m INFO[0;39m [35m20960[0;39m [2m---[0;39m [2m[  restartedMain][0;39m [36mo.s.b.w.embedded.tomcat.TomcatWebServer [0;39m [2m:[0;39m Tomcat started on port(s): 9999 (http) with context path '/vue'
[2m2022-05-26 00:14:00.371[0;39m [32m INFO[0;39m [35m20960[0;39m [2m---[0;39m [2m[  restartedMain][0;39m [36m.ConditionEvaluationDeltaLoggingListener[0;39m [2m:[0;39m Condition evaluation unchanged
[2m2022-05-26 00:14:37.725[0;39m [32m INFO[0;39m [35m20960[0;39m [2m---[0;39m [2m[  restartedMain][0;39m [36mo.s.b.w.embedded.tomcat.TomcatWebServer [0;39m [2m:[0;39m Tomcat initialized with port(s): 9999 (http)
[2m2022-05-26 00:14:37.836[0;39m [32m INFO[0;39m [35m20960[0;39m [2m---[0;39m [2m[  restartedMain][0;39m [36mw.s.c.ServletWebServerApplicationContext[0;39m [2m:[0;39m Root WebApplicationContext: initialization completed in 1076 ms
[2m2022-05-26 00:14:38.178[0;39m [32m INFO[0;39m [35m20960[0;39m [2m---[0;39m [2m[  restartedMain][0;39m [36mo.s.b.d.a.OptionalLiveReloadServer      [0;39m [2m:[0;39m LiveReload server is running on port 35729
[2m2022-05-26 00:14:38.272[0;39m [32m INFO[0;39m [35m20960[0;39m [2m---[0;39m [2m[  restartedMain][0;39m [36mo.s.b.w.embedded.tomcat.TomcatWebServer [0;39m [2m:[0;39m Tomcat started on port(s): 9999 (http) with context path '/vue'
[2m2022-05-26 00:14:38.402[0;39m [32m INFO[0;39m [35m20960[0;39m [2m---[0;39m [2m[  restartedMain][0;39m [36m.ConditionEvaluationDeltaLoggingListener[0;39m [2m:[0;39m Condition evaluation unchanged
[2m2022-05-26 00:15:17.919[0;39m [32m INFO[0;39m [35m20960[0;39m [2m---[0;39m [2m[  restartedMain][0;39m [36mo.s.b.w.embedded.tomcat.TomcatWebServer [0;39m [2m:[0;39m Tomcat initialized with port(s): 9999 (http)
[2m2022-05-26 00:15:18.072[0;39m [32m INFO[0;39m [35m20960[0;39m [2m---[0;39m [2m[  restartedMain][0;39m [36mw.s.c.ServletWebServerApplicationContext[0;39m [2m:[0;39m Root WebApplicationContext: initialization completed in 1195 ms
[2m2022-05-26 00:15:18.362[0;39m [32m INFO[0;39m [35m20960[0;39m [2m---[0;39m [2m[  restartedMain][0;39m [36mo.s.b.d.a.OptionalLiveReloadServer      [0;39m [2m:[0;39m LiveReload server is running on port 35729
[2m2022-05-26 00:15:18.484[0;39m [32m INFO[0;39m [35m20960[0;39m [2m---[0;39m [2m[  restartedMain][0;39m [36mo.s.b.w.embedded.tomcat.TomcatWebServer [0;39m [2m:[0;39m Tomcat started on port(s): 9999 (http) with context path '/vue'
[2m2022-05-26 00:15:18.734[0;39m [32m INFO[0;39m [35m20960[0;39m [2m---[0;39m [2m[  restartedMain][0;39m [36m.ConditionEvaluationDeltaLoggingListener[0;39m [2m:[0;39m Condition evaluation unchanged
[2m2022-05-26 00:17:22.015[0;39m [32m INFO[0;39m [35m20960[0;39m [2m---[0;39m [2m[  restartedMain][0;39m [36mo.s.b.w.embedded.tomcat.TomcatWebServer [0;39m [2m:[0;39m Tomcat initialized with port(s): 9999 (http)
[2m2022-05-26 00:17:22.235[0;39m [32m INFO[0;39m [35m20960[0;39m [2m---[0;39m [2m[  restartedMain][0;39m [36mw.s.c.ServletWebServerApplicationContext[0;39m [2m:[0;39m Root WebApplicationContext: initialization completed in 1329 ms
[2m2022-05-26 00:17:22.624[0;39m [32m INFO[0;39m [35m20960[0;39m [2m---[0;39m [2m[  restartedMain][0;39m [36mo.s.b.d.a.OptionalLiveReloadServer      [0;39m [2m:[0;39m LiveReload server is running on port 35729
[2m2022-05-26 00:17:22.734[0;39m [32m INFO[0;39m [35m20960[0;39m [2m---[0;39m [2m[  restartedMain][0;39m [36mo.s.b.w.embedded.tomcat.TomcatWebServer [0;39m [2m:[0;39m Tomcat started on port(s): 9999 (http) with context path '/vue'
[2m2022-05-26 00:17:22.904[0;39m [32m INFO[0;39m [35m20960[0;39m [2m---[0;39m [2m[  restartedMain][0;39m [36m.ConditionEvaluationDeltaLoggingListener[0;39m [2m:[0;39m Condition evaluation unchanged
[2m2022-05-26 00:17:36.530[0;39m [32m INFO[0;39m [35m20960[0;39m [2m---[0;39m [2m[  restartedMain][0;39m [36mo.s.b.w.embedded.tomcat.TomcatWebServer [0;39m [2m:[0;39m Tomcat initialized with port(s): 9999 (http)
[2m2022-05-26 00:17:36.648[0;39m [32m INFO[0;39m [35m20960[0;39m [2m---[0;39m [2m[  restartedMain][0;39m [36mw.s.c.ServletWebServerApplicationContext[0;39m [2m:[0;39m Root WebApplicationContext: initialization completed in 1015 ms
[2m2022-05-26 00:17:37.098[0;39m [32m INFO[0;39m [35m20960[0;39m [2m---[0;39m [2m[  restartedMain][0;39m [36mo.s.b.d.a.OptionalLiveReloadServer      [0;39m [2m:[0;39m LiveReload server is running on port 35729
[2m2022-05-26 00:17:37.233[0;39m [32m INFO[0;39m [35m20960[0;39m [2m---[0;39m [2m[  restartedMain][0;39m [36mo.s.b.w.embedded.tomcat.TomcatWebServer [0;39m [2m:[0;39m Tomcat started on port(s): 9999 (http) with context path '/vue'
[2m2022-05-26 00:17:37.490[0;39m [32m INFO[0;39m [35m20960[0;39m [2m---[0;39m [2m[  restartedMain][0;39m [36m.ConditionEvaluationDeltaLoggingListener[0;39m [2m:[0;39m Condition evaluation unchanged
[2m2022-05-26 00:19:43.526[0;39m [32m INFO[0;39m [35m20960[0;39m [2m---[0;39m [2m[  restartedMain][0;39m [36mo.s.b.w.embedded.tomcat.TomcatWebServer [0;39m [2m:[0;39m Tomcat initialized with port(s): 9999 (http)
[2m2022-05-26 00:19:43.704[0;39m [32m INFO[0;39m [35m20960[0;39m [2m---[0;39m [2m[  restartedMain][0;39m [36mw.s.c.ServletWebServerApplicationContext[0;39m [2m:[0;39m Root WebApplicationContext: initialization completed in 1112 ms
[2m2022-05-26 00:19:44.060[0;39m [32m INFO[0;39m [35m20960[0;39m [2m---[0;39m [2m[  restartedMain][0;39m [36mo.s.b.d.a.OptionalLiveReloadServer      [0;39m [2m:[0;39m LiveReload server is running on port 35729
[2m2022-05-26 00:19:44.145[0;39m [32m INFO[0;39m [35m20960[0;39m [2m---[0;39m [2m[  restartedMain][0;39m [36mo.s.b.w.embedded.tomcat.TomcatWebServer [0;39m [2m:[0;39m Tomcat started on port(s): 9999 (http) with context path '/vue'
[2m2022-05-26 00:19:44.316[0;39m [32m INFO[0;39m [35m20960[0;39m [2m---[0;39m [2m[  restartedMain][0;39m [36m.ConditionEvaluationDeltaLoggingListener[0;39m [2m:[0;39m Condition evaluation unchanged
[2m2022-05-26 00:20:12.133[0;39m [32m INFO[0;39m [35m20960[0;39m [2m---[0;39m [2m[  restartedMain][0;39m [36mo.s.b.w.embedded.tomcat.TomcatWebServer [0;39m [2m:[0;39m Tomcat initialized with port(s): 9999 (http)
[2m2022-05-26 00:20:12.232[0;39m [32m INFO[0;39m [35m20960[0;39m [2m---[0;39m [2m[  restartedMain][0;39m [36mw.s.c.ServletWebServerApplicationContext[0;39m [2m:[0;39m Root WebApplicationContext: initialization completed in 1000 ms
[2m2022-05-26 00:20:12.700[0;39m [32m INFO[0;39m [35m20960[0;39m [2m---[0;39m [2m[  restartedMain][0;39m [36mo.s.b.d.a.OptionalLiveReloadServer      [0;39m [2m:[0;39m LiveReload server is running on port 35729
[2m2022-05-26 00:20:12.796[0;39m [32m INFO[0;39m [35m20960[0;39m [2m---[0;39m [2m[  restartedMain][0;39m [36mo.s.b.w.embedded.tomcat.TomcatWebServer [0;39m [2m:[0;39m Tomcat started on port(s): 9999 (http) with context path '/vue'
[2m2022-05-26 00:20:12.961[0;39m [32m INFO[0;39m [35m20960[0;39m [2m---[0;39m [2m[  restartedMain][0;39m [36m.ConditionEvaluationDeltaLoggingListener[0;39m [2m:[0;39m Condition evaluation unchanged
[2m2022-05-26 00:20:29.228[0;39m [32m INFO[0;39m [35m20960[0;39m [2m---[0;39m [2m[  restartedMain][0;39m [36mo.s.b.w.embedded.tomcat.TomcatWebServer [0;39m [2m:[0;39m Tomcat initialized with port(s): 9999 (http)
[2m2022-05-26 00:20:29.492[0;39m [32m INFO[0;39m [35m20960[0;39m [2m---[0;39m [2m[  restartedMain][0;39m [36mw.s.c.ServletWebServerApplicationContext[0;39m [2m:[0;39m Root WebApplicationContext: initialization completed in 1599 ms
[2m2022-05-26 00:20:29.864[0;39m [32m INFO[0;39m [35m20960[0;39m [2m---[0;39m [2m[  restartedMain][0;39m [36mo.s.b.d.a.OptionalLiveReloadServer      [0;39m [2m:[0;39m LiveReload server is running on port 35729
[2m2022-05-26 00:20:29.954[0;39m [32m INFO[0;39m [35m20960[0;39m [2m---[0;39m [2m[  restartedMain][0;39m [36mo.s.b.w.embedded.tomcat.TomcatWebServer [0;39m [2m:[0;39m Tomcat started on port(s): 9999 (http) with context path '/vue'
[2m2022-05-26 00:20:30.148[0;39m [32m INFO[0;39m [35m20960[0;39m [2m---[0;39m [2m[  restartedMain][0;39m [36m.ConditionEvaluationDeltaLoggingListener[0;39m [2m:[0;39m Condition evaluation unchanged
[2m2022-05-26 00:21:26.392[0;39m [32m INFO[0;39m [35m20960[0;39m [2m---[0;39m [2m[  restartedMain][0;39m [36mo.s.b.w.embedded.tomcat.TomcatWebServer [0;39m [2m:[0;39m Tomcat initialized with port(s): 9999 (http)
[2m2022-05-26 00:21:26.494[0;39m [32m INFO[0;39m [35m20960[0;39m [2m---[0;39m [2m[  restartedMain][0;39m [36mw.s.c.ServletWebServerApplicationContext[0;39m [2m:[0;39m Root WebApplicationContext: initialization completed in 1203 ms
[2m2022-05-26 00:21:27.094[0;39m [32m INFO[0;39m [35m20960[0;39m [2m---[0;39m [2m[  restartedMain][0;39m [36mo.s.b.d.a.OptionalLiveReloadServer      [0;39m [2m:[0;39m LiveReload server is running on port 35729
[2m2022-05-26 00:21:27.235[0;39m [32m INFO[0;39m [35m20960[0;39m [2m---[0;39m [2m[  restartedMain][0;39m [36mo.s.b.w.embedded.tomcat.TomcatWebServer [0;39m [2m:[0;39m Tomcat started on port(s): 9999 (http) with context path '/vue'
[2m2022-05-26 00:21:27.547[0;39m [32m INFO[0;39m [35m20960[0;39m [2m---[0;39m [2m[  restartedMain][0;39m [36m.ConditionEvaluationDeltaLoggingListener[0;39m [2m:[0;39m Condition evaluation unchanged
[2m2022-05-26 00:22:11.117[0;39m [32m INFO[0;39m [35m20960[0;39m [2m---[0;39m [2m[nio-9999-exec-2][0;39m [36mo.s.web.servlet.DispatcherServlet       [0;39m [2m:[0;39m Initializing Servlet 'dispatcherServlet'
[2m2022-05-26 00:22:11.123[0;39m [32m INFO[0;39m [35m20960[0;39m [2m---[0;39m [2m[nio-9999-exec-2][0;39m [36mo.s.web.servlet.DispatcherServlet       [0;39m [2m:[0;39m Completed initialization in 3 ms
[2m2022-05-26 00:22:11.139[0;39m [33m WARN[0;39m [35m20960[0;39m [2m---[0;39m [2m[nio-9999-exec-2][0;39m [36m.m.m.a.ExceptionHandlerExceptionResolver[0;39m [2m:[0;39m Resolved [org.springframework.web.util.NestedServletException: Handler dispatch failed; nested exception is java.lang.Error: Unresolved compilation problem: <EOL>?boardCommentService cannot be resolved<EOL>]
[2m2022-05-26 00:22:32.721[0;39m [32m INFO[0;39m [35m20960[0;39m [2m---[0;39m [2m[  restartedMain][0;39m [36mo.s.b.w.embedded.tomcat.TomcatWebServer [0;39m [2m:[0;39m Tomcat initialized with port(s): 9999 (http)
[2m2022-05-26 00:22:32.885[0;39m [32m INFO[0;39m [35m20960[0;39m [2m---[0;39m [2m[  restartedMain][0;39m [36mw.s.c.ServletWebServerApplicationContext[0;39m [2m:[0;39m Root WebApplicationContext: initialization completed in 1310 ms
[2m2022-05-26 00:22:33.186[0;39m [32m INFO[0;39m [35m20960[0;39m [2m---[0;39m [2m[  restartedMain][0;39m [36mo.s.b.d.a.OptionalLiveReloadServer      [0;39m [2m:[0;39m LiveReload server is running on port 35729
[2m2022-05-26 00:22:33.294[0;39m [32m INFO[0;39m [35m20960[0;39m [2m---[0;39m [2m[  restartedMain][0;39m [36mo.s.b.w.embedded.tomcat.TomcatWebServer [0;39m [2m:[0;39m Tomcat started on port(s): 9999 (http) with context path '/vue'
[2m2022-05-26 00:22:33.601[0;39m [32m INFO[0;39m [35m20960[0;39m [2m---[0;39m [2m[  restartedMain][0;39m [36m.ConditionEvaluationDeltaLoggingListener[0;39m [2m:[0;39m Condition evaluation unchanged
[2m2022-05-26 00:24:57.052[0;39m [32m INFO[0;39m [35m20960[0;39m [2m---[0;39m [2m[  restartedMain][0;39m [36mo.s.b.w.embedded.tomcat.TomcatWebServer [0;39m [2m:[0;39m Tomcat initialized with port(s): 9999 (http)
[2m2022-05-26 00:24:57.173[0;39m [32m INFO[0;39m [35m20960[0;39m [2m---[0;39m [2m[  restartedMain][0;39m [36mw.s.c.ServletWebServerApplicationContext[0;39m [2m:[0;39m Root WebApplicationContext: initialization completed in 1112 ms
[2m2022-05-26 00:24:57.550[0;39m [32m INFO[0;39m [35m20960[0;39m [2m---[0;39m [2m[  restartedMain][0;39m [36mo.s.b.d.a.OptionalLiveReloadServer      [0;39m [2m:[0;39m LiveReload server is running on port 35729
[2m2022-05-26 00:24:57.658[0;39m [32m INFO[0;39m [35m20960[0;39m [2m---[0;39m [2m[  restartedMain][0;39m [36mo.s.b.w.embedded.tomcat.TomcatWebServer [0;39m [2m:[0;39m Tomcat started on port(s): 9999 (http) with context path '/vue'
[2m2022-05-26 00:24:57.893[0;39m [32m INFO[0;39m [35m20960[0;39m [2m---[0;39m [2m[  restartedMain][0;39m [36m.ConditionEvaluationDeltaLoggingListener[0;39m [2m:[0;39m Condition evaluation unchanged
[2m2022-05-26 00:27:49.083[0;39m [32m INFO[0;39m [35m20960[0;39m [2m---[0;39m [2m[  restartedMain][0;39m [36mo.s.b.w.embedded.tomcat.TomcatWebServer [0;39m [2m:[0;39m Tomcat initialized with port(s): 9999 (http)
[2m2022-05-26 00:27:49.323[0;39m [32m INFO[0;39m [35m20960[0;39m [2m---[0;39m [2m[  restartedMain][0;39m [36mw.s.c.ServletWebServerApplicationContext[0;39m [2m:[0;39m Root WebApplicationContext: initialization completed in 1884 ms
[2m2022-05-26 00:27:49.902[0;39m [32m INFO[0;39m [35m20960[0;39m [2m---[0;39m [2m[  restartedMain][0;39m [36mo.s.b.d.a.OptionalLiveReloadServer      [0;39m [2m:[0;39m LiveReload server is running on port 35729
[2m2022-05-26 00:27:50.092[0;39m [32m INFO[0;39m [35m20960[0;39m [2m---[0;39m [2m[  restartedMain][0;39m [36mo.s.b.w.embedded.tomcat.TomcatWebServer [0;39m [2m:[0;39m Tomcat started on port(s): 9999 (http) with context path '/vue'
[2m2022-05-26 00:27:50.253[0;39m [32m INFO[0;39m [35m20960[0;39m [2m---[0;39m [2m[  restartedMain][0;39m [36m.ConditionEvaluationDeltaLoggingListener[0;39m [2m:[0;39m Condition evaluation unchanged
[2m2022-05-26 00:28:10.541[0;39m [32m INFO[0;39m [35m20960[0;39m [2m---[0;39m [2m[  restartedMain][0;39m [36mo.s.b.w.embedded.tomcat.TomcatWebServer [0;39m [2m:[0;39m Tomcat initialized with port(s): 9999 (http)
[2m2022-05-26 00:28:10.689[0;39m [32m INFO[0;39m [35m20960[0;39m [2m---[0;39m [2m[  restartedMain][0;39m [36mw.s.c.ServletWebServerApplicationContext[0;39m [2m:[0;39m Root WebApplicationContext: initialization completed in 1042 ms
[2m2022-05-26 00:28:11.059[0;39m [32m INFO[0;39m [35m20960[0;39m [2m---[0;39m [2m[  restartedMain][0;39m [36mo.s.b.d.a.OptionalLiveReloadServer      [0;39m [2m:[0;39m LiveReload server is running on port 35729
[2m2022-05-26 00:28:11.161[0;39m [32m INFO[0;39m [35m20960[0;39m [2m---[0;39m [2m[  restartedMain][0;39m [36mo.s.b.w.embedded.tomcat.TomcatWebServer [0;39m [2m:[0;39m Tomcat started on port(s): 9999 (http) with context path '/vue'
[2m2022-05-26 00:28:11.528[0;39m [32m INFO[0;39m [35m20960[0;39m [2m---[0;39m [2m[  restartedMain][0;39m [36m.ConditionEvaluationDeltaLoggingListener[0;39m [2m:[0;39m Condition evaluation unchanged
[2m2022-05-26 00:28:54.633[0;39m [32m INFO[0;39m [35m20960[0;39m [2m---[0;39m [2m[nio-9999-exec-1][0;39m [36mo.s.web.servlet.DispatcherServlet       [0;39m [2m:[0;39m Initializing Servlet 'dispatcherServlet'
[2m2022-05-26 00:28:54.643[0;39m [32m INFO[0;39m [35m20960[0;39m [2m---[0;39m [2m[nio-9999-exec-1][0;39m [36mo.s.web.servlet.DispatcherServlet       [0;39m [2m:[0;39m Completed initialization in 5 ms
[2m2022-05-26 00:29:02.616[0;39m [32mDEBUG[0;39m [35m20960[0;39m [2m---[0;39m [2m[nio-9999-exec-7][0;39m [36mc.ssafy.vue.controller.BoardController  [0;39m [2m:[0;39m showBoardCommentByNo - 호출
[2m2022-05-26 00:29:39.571[0;39m [32mDEBUG[0;39m [35m20960[0;39m [2m---[0;39m [2m[nio-9999-exec-8][0;39m [36mc.ssafy.vue.controller.BoardController  [0;39m [2m:[0;39m writeBoardComment - 호출
[2m2022-05-26 00:30:56.698[0;39m [32mDEBUG[0;39m [35m20960[0;39m [2m---[0;39m [2m[nio-9999-exec-1][0;39m [36mc.ssafy.vue.controller.BoardController  [0;39m [2m:[0;39m showBoardCommentByNo - 호출
[2m2022-05-26 00:50:36.339[0;39m [32mDEBUG[0;39m [35m20960[0;39m [2m---[0;39m [2m[nio-9999-exec-3][0;39m [36mc.ssafy.vue.controller.BoardController  [0;39m [2m:[0;39m retrieveBoard - 호출
[2m2022-05-26 00:50:37.462[0;39m [32mDEBUG[0;39m [35m20960[0;39m [2m---[0;39m [2m[nio-9999-exec-4][0;39m [36mc.ssafy.vue.controller.BoardController  [0;39m [2m:[0;39m detailBoard - 호출
[2m2022-05-26 00:58:02.044[0;39m [32mDEBUG[0;39m [35m20960[0;39m [2m---[0;39m [2m[nio-9999-exec-6][0;39m [36mc.ssafy.vue.controller.BoardController  [0;39m [2m:[0;39m retrieveBoard - 호출
[2m2022-05-26 00:58:14.292[0;39m [32mDEBUG[0;39m [35m20960[0;39m [2m---[0;39m [2m[nio-9999-exec-7][0;39m [36mc.ssafy.vue.controller.BoardController  [0;39m [2m:[0;39m detailBoard - 호출
[2m2022-05-26 00:58:16.732[0;39m [32mDEBUG[0;39m [35m20960[0;39m [2m---[0;39m [2m[nio-9999-exec-8][0;39m [36mc.ssafy.vue.controller.BoardController  [0;39m [2m:[0;39m retrieveBoard - 호출
[2m2022-05-26 00:59:32.434[0;39m [32mDEBUG[0;39m [35m20960[0;39m [2m---[0;39m [2m[io-9999-exec-10][0;39m [36mc.ssafy.vue.controller.BoardController  [0;39m [2m:[0;39m showQna - 호출
[2m2022-05-26 00:59:33.789[0;39m [32mDEBUG[0;39m [35m20960[0;39m [2m---[0;39m [2m[nio-9999-exec-1][0;39m [36mc.ssafy.vue.controller.BoardController  [0;39m [2m:[0;39m detailQna - 호출
[2m2022-05-26 00:59:33.875[0;39m [32mDEBUG[0;39m [35m20960[0;39m [2m---[0;39m [2m[nio-9999-exec-2][0;39m [36mc.ssafy.vue.controller.BoardController  [0;39m [2m:[0;39m showQnaCommentByNo - 호출
[2m2022-05-26 00:59:36.810[0;39m [32mDEBUG[0;39m [35m20960[0;39m [2m---[0;39m [2m[nio-9999-exec-3][0;39m [36mc.ssafy.vue.controller.BoardController  [0;39m [2m:[0;39m retrieveBoard - 호출
[2m2022-05-26 00:59:37.977[0;39m [32mDEBUG[0;39m [35m20960[0;39m [2m---[0;39m [2m[nio-9999-exec-4][0;39m [36mc.ssafy.vue.controller.BoardController  [0;39m [2m:[0;39m detailBoard - 호출
[2m2022-05-26 00:59:39.686[0;39m [32mDEBUG[0;39m [35m20960[0;39m [2m---[0;39m [2m[nio-9999-exec-5][0;39m [36mc.ssafy.vue.controller.BoardController  [0;39m [2m:[0;39m retrieveBoard - 호출
[2m2022-05-26 00:59:40.546[0;39m [32mDEBUG[0;39m [35m20960[0;39m [2m---[0;39m [2m[nio-9999-exec-6][0;39m [36mc.ssafy.vue.controller.BoardController  [0;39m [2m:[0;39m detailBoard - 호출
[2m2022-05-26 00:59:41.666[0;39m [32mDEBUG[0;39m [35m20960[0;39m [2m---[0;39m [2m[nio-9999-exec-7][0;39m [36mc.ssafy.vue.controller.BoardController  [0;39m [2m:[0;39m retrieveBoard - 호출
[2m2022-05-26 00:59:44.054[0;39m [32mDEBUG[0;39m [35m20960[0;39m [2m---[0;39m [2m[nio-9999-exec-8][0;39m [36mc.ssafy.vue.controller.BoardController  [0;39m [2m:[0;39m detailBoard - 호출
[2m2022-05-26 00:59:44.793[0;39m [32mDEBUG[0;39m [35m20960[0;39m [2m---[0;39m [2m[nio-9999-exec-9][0;39m [36mc.ssafy.vue.controller.BoardController  [0;39m [2m:[0;39m retrieveBoard - 호출
[2m2022-05-26 01:04:02.389[0;39m [32mDEBUG[0;39m [35m20960[0;39m [2m---[0;39m [2m[nio-9999-exec-1][0;39m [36mc.ssafy.vue.controller.BoardController  [0;39m [2m:[0;39m detailBoard - 호출
[2m2022-05-26 01:04:10.952[0;39m [32mDEBUG[0;39m [35m20960[0;39m [2m---[0;39m [2m[nio-9999-exec-2][0;39m [36mc.ssafy.vue.controller.BoardController  [0;39m [2m:[0;39m retrieveBoard - 호출
[2m2022-05-26 01:04:13.580[0;39m [32mDEBUG[0;39m [35m20960[0;39m [2m---[0;39m [2m[nio-9999-exec-3][0;39m [36mc.ssafy.vue.controller.BoardController  [0;39m [2m:[0;39m detailBoard - 호출
[2m2022-05-26 01:04:14.482[0;39m [32mDEBUG[0;39m [35m20960[0;39m [2m---[0;39m [2m[nio-9999-exec-4][0;39m [36mc.ssafy.vue.controller.BoardController  [0;39m [2m:[0;39m retrieveBoard - 호출
[2m2022-05-26 01:04:19.140[0;39m [32mDEBUG[0;39m [35m20960[0;39m [2m---[0;39m [2m[nio-9999-exec-5][0;39m [36mc.ssafy.vue.controller.BoardController  [0;39m [2m:[0;39m detailBoard - 호출
[2m2022-05-26 01:04:24.946[0;39m [32mDEBUG[0;39m [35m20960[0;39m [2m---[0;39m [2m[nio-9999-exec-6][0;39m [36mc.ssafy.vue.controller.BoardController  [0;39m [2m:[0;39m retrieveBoard - 호출
[2m2022-05-26 01:04:27.487[0;39m [32mDEBUG[0;39m [35m20960[0;39m [2m---[0;39m [2m[nio-9999-exec-7][0;39m [36mc.ssafy.vue.controller.BoardController  [0;39m [2m:[0;39m detailBoard - 호출
[2m2022-05-26 01:04:34.680[0;39m [32mDEBUG[0;39m [35m20960[0;39m [2m---[0;39m [2m[nio-9999-exec-8][0;39m [36mc.ssafy.vue.controller.BoardController  [0;39m [2m:[0;39m retrieveBoard - 호출
[2m2022-05-26 01:04:35.940[0;39m [32mDEBUG[0;39m [35m20960[0;39m [2m---[0;39m [2m[nio-9999-exec-9][0;39m [36mc.ssafy.vue.controller.BoardController  [0;39m [2m:[0;39m detailBoard - 호출
[2m2022-05-26 01:05:41.915[0;39m [32mDEBUG[0;39m [35m20960[0;39m [2m---[0;39m [2m[nio-9999-exec-1][0;39m [36mc.ssafy.vue.controller.BoardController  [0;39m [2m:[0;39m retrieveBoard - 호출
[2m2022-05-26 01:05:43.378[0;39m [32mDEBUG[0;39m [35m20960[0;39m [2m---[0;39m [2m[nio-9999-exec-2][0;39m [36mc.ssafy.vue.controller.BoardController  [0;39m [2m:[0;39m detailBoard - 호출
[2m2022-05-26 01:05:45.234[0;39m [32mDEBUG[0;39m [35m20960[0;39m [2m---[0;39m [2m[nio-9999-exec-3][0;39m [36mc.ssafy.vue.controller.BoardController  [0;39m [2m:[0;39m retrieveBoard - 호출
[2m2022-05-26 01:05:45.888[0;39m [32mDEBUG[0;39m [35m20960[0;39m [2m---[0;39m [2m[nio-9999-exec-4][0;39m [36mc.ssafy.vue.controller.BoardController  [0;39m [2m:[0;39m detailBoard - 호출
[2m2022-05-26 01:05:46.783[0;39m [32mDEBUG[0;39m [35m20960[0;39m [2m---[0;39m [2m[nio-9999-exec-5][0;39m [36mc.ssafy.vue.controller.BoardController  [0;39m [2m:[0;39m retrieveBoard - 호출
[2m2022-05-26 01:06:57.526[0;39m [32mDEBUG[0;39m [35m20960[0;39m [2m---[0;39m [2m[nio-9999-exec-7][0;39m [36mc.ssafy.vue.controller.BoardController  [0;39m [2m:[0;39m retrieveBoard - 호출
[2m2022-05-26 01:07:00.012[0;39m [32mDEBUG[0;39m [35m20960[0;39m [2m---[0;39m [2m[nio-9999-exec-8][0;39m [36mc.ssafy.vue.controller.BoardController  [0;39m [2m:[0;39m showBoardCommentByNo - 호출
[2m2022-05-26 01:07:00.022[0;39m [32mDEBUG[0;39m [35m20960[0;39m [2m---[0;39m [2m[nio-9999-exec-9][0;39m [36mc.ssafy.vue.controller.BoardController  [0;39m [2m:[0;39m detailBoard - 호출
[2m2022-05-26 01:09:57.313[0;39m [32mDEBUG[0;39m [35m20960[0;39m [2m---[0;39m [2m[nio-9999-exec-2][0;39m [36mc.ssafy.vue.controller.BoardController  [0;39m [2m:[0;39m detailBoard - 호출
[2m2022-05-26 01:09:57.322[0;39m [32mDEBUG[0;39m [35m20960[0;39m [2m---[0;39m [2m[nio-9999-exec-3][0;39m [36mc.ssafy.vue.controller.BoardController  [0;39m [2m:[0;39m showBoardCommentByNo - 호출
[2m2022-05-26 01:10:10.812[0;39m [32mDEBUG[0;39m [35m20960[0;39m [2m---[0;39m [2m[nio-9999-exec-4][0;39m [36mc.ssafy.vue.controller.BoardController  [0;39m [2m:[0;39m retrieveBoard - 호출
[2m2022-05-26 01:10:11.582[0;39m [32mDEBUG[0;39m [35m20960[0;39m [2m---[0;39m [2m[nio-9999-exec-5][0;39m [36mc.ssafy.vue.controller.BoardController  [0;39m [2m:[0;39m detailBoard - 호출
[2m2022-05-26 01:10:11.588[0;39m [32mDEBUG[0;39m [35m20960[0;39m [2m---[0;39m [2m[nio-9999-exec-6][0;39m [36mc.ssafy.vue.controller.BoardController  [0;39m [2m:[0;39m showBoardCommentByNo - 호출
[2m2022-05-26 01:10:29.356[0;39m [32mDEBUG[0;39m [35m20960[0;39m [2m---[0;39m [2m[nio-9999-exec-7][0;39m [36mc.ssafy.vue.controller.BoardController  [0;39m [2m:[0;39m retrieveBoard - 호출
[2m2022-05-26 01:10:33.145[0;39m [32mDEBUG[0;39m [35m20960[0;39m [2m---[0;39m [2m[nio-9999-exec-8][0;39m [36mc.ssafy.vue.controller.BoardController  [0;39m [2m:[0;39m detailBoard - 호출
[2m2022-05-26 01:10:33.147[0;39m [32mDEBUG[0;39m [35m20960[0;39m [2m---[0;39m [2m[nio-9999-exec-9][0;39m [36mc.ssafy.vue.controller.BoardController  [0;39m [2m:[0;39m showBoardCommentByNo - 호출
[2m2022-05-26 01:11:31.732[0;39m [32mDEBUG[0;39m [35m20960[0;39m [2m---[0;39m [2m[nio-9999-exec-1][0;39m [36mc.ssafy.vue.controller.BoardController  [0;39m [2m:[0;39m detailBoard - 호출
[2m2022-05-26 01:11:31.735[0;39m [32mDEBUG[0;39m [35m20960[0;39m [2m---[0;39m [2m[io-9999-exec-10][0;39m [36mc.ssafy.vue.controller.BoardController  [0;39m [2m:[0;39m showBoardCommentByNo - 호출
[2m2022-05-26 01:12:11.387[0;39m [32mDEBUG[0;39m [35m20960[0;39m [2m---[0;39m [2m[nio-9999-exec-2][0;39m [36mc.ssafy.vue.controller.BoardController  [0;39m [2m:[0;39m retrieveBoard - 호출
[2m2022-05-26 01:12:12.474[0;39m [32mDEBUG[0;39m [35m20960[0;39m [2m---[0;39m [2m[nio-9999-exec-3][0;39m [36mc.ssafy.vue.controller.BoardController  [0;39m [2m:[0;39m detailBoard - 호출
[2m2022-05-26 01:12:12.479[0;39m [32mDEBUG[0;39m [35m20960[0;39m [2m---[0;39m [2m[nio-9999-exec-4][0;39m [36mc.ssafy.vue.controller.BoardController  [0;39m [2m:[0;39m showBoardCommentByNo - 호출
[2m2022-05-26 01:13:20.897[0;39m [32mDEBUG[0;39m [35m20960[0;39m [2m---[0;39m [2m[nio-9999-exec-7][0;39m [36mc.ssafy.vue.controller.BoardController  [0;39m [2m:[0;39m showQna - 호출
[2m2022-05-26 01:13:24.640[0;39m [32mDEBUG[0;39m [35m20960[0;39m [2m---[0;39m [2m[nio-9999-exec-9][0;39m [36mc.ssafy.vue.controller.BoardController  [0;39m [2m:[0;39m detailQna - 호출
[2m2022-05-26 01:13:24.752[0;39m [32mDEBUG[0;39m [35m20960[0;39m [2m---[0;39m [2m[nio-9999-exec-8][0;39m [36mc.ssafy.vue.controller.BoardController  [0;39m [2m:[0;39m showQnaCommentByNo - 호출
[2m2022-05-26 01:13:28.191[0;39m [32mDEBUG[0;39m [35m20960[0;39m [2m---[0;39m [2m[nio-9999-exec-1][0;39m [36mc.ssafy.vue.controller.BoardController  [0;39m [2m:[0;39m writeQnaComment - 호출
[2m2022-05-26 01:13:33.703[0;39m [32mDEBUG[0;39m [35m20960[0;39m [2m---[0;39m [2m[nio-9999-exec-2][0;39m [36mc.ssafy.vue.controller.BoardController  [0;39m [2m:[0;39m detailQna - 호출
[2m2022-05-26 01:13:33.771[0;39m [32mDEBUG[0;39m [35m20960[0;39m [2m---[0;39m [2m[nio-9999-exec-4][0;39m [36mc.ssafy.vue.controller.BoardController  [0;39m [2m:[0;39m showQnaCommentByNo - 호출
[2m2022-05-26 01:13:38.269[0;39m [32mDEBUG[0;39m [35m20960[0;39m [2m---[0;39m [2m[nio-9999-exec-3][0;39m [36mc.ssafy.vue.controller.BoardController  [0;39m [2m:[0;39m showQna - 호출
[2m2022-05-26 01:13:39.393[0;39m [32mDEBUG[0;39m [35m20960[0;39m [2m---[0;39m [2m[nio-9999-exec-5][0;39m [36mc.ssafy.vue.controller.BoardController  [0;39m [2m:[0;39m detailQna - 호출
[2m2022-05-26 01:13:39.455[0;39m [32mDEBUG[0;39m [35m20960[0;39m [2m---[0;39m [2m[nio-9999-exec-6][0;39m [36mc.ssafy.vue.controller.BoardController  [0;39m [2m:[0;39m showQnaCommentByNo - 호출
[2m2022-05-26 01:13:53.785[0;39m [32mDEBUG[0;39m [35m20960[0;39m [2m---[0;39m [2m[nio-9999-exec-7][0;39m [36mc.ssafy.vue.controller.MemberController [0;39m [2m:[0;39m 로그인 토큰정보 : eyJ0eXAiOiJKV1QiLCJyZWdEYXRlIjoxNjUzNDk1MjMzNzgwLCJhbGciOiJIUzI1NiJ9.eyJleHAiOjE2NTM0OTg4MzMsInN1YiI6ImFjY2Vzcy10b2tlbiIsInVzZXJpZCI6InNzYWZ5MTIzIn0.e0jkQv3lGJ1S-GnZqCoJuJMCp0nGxkeRdNKgVeUNYOs
[2m2022-05-26 01:13:53.861[0;39m [32mDEBUG[0;39m [35m20960[0;39m [2m---[0;39m [2m[nio-9999-exec-8][0;39m [36mc.ssafy.vue.controller.MemberController [0;39m [2m:[0;39m userid : ssafy123 
[2m2022-05-26 01:13:53.866[0;39m [32m INFO[0;39m [35m20960[0;39m [2m---[0;39m [2m[nio-9999-exec-8][0;39m [36mc.ssafy.vue.controller.MemberController [0;39m [2m:[0;39m 사용 가능한 토큰!!!
[2m2022-05-26 01:13:55.016[0;39m [32mDEBUG[0;39m [35m20960[0;39m [2m---[0;39m [2m[io-9999-exec-10][0;39m [36mc.ssafy.vue.controller.BoardController  [0;39m [2m:[0;39m showQna - 호출
[2m2022-05-26 01:13:57.750[0;39m [32mDEBUG[0;39m [35m20960[0;39m [2m---[0;39m [2m[nio-9999-exec-1][0;39m [36mc.ssafy.vue.controller.BoardController  [0;39m [2m:[0;39m showQna - 호출
[2m2022-05-26 01:14:00.273[0;39m [32mDEBUG[0;39m [35m20960[0;39m [2m---[0;39m [2m[nio-9999-exec-2][0;39m [36mc.ssafy.vue.controller.BoardController  [0;39m [2m:[0;39m showQna - 호출
[2m2022-05-26 01:14:01.331[0;39m [32mDEBUG[0;39m [35m20960[0;39m [2m---[0;39m [2m[nio-9999-exec-4][0;39m [36mc.ssafy.vue.controller.BoardController  [0;39m [2m:[0;39m detailQna - 호출
[2m2022-05-26 01:14:01.380[0;39m [32mDEBUG[0;39m [35m20960[0;39m [2m---[0;39m [2m[nio-9999-exec-3][0;39m [36mc.ssafy.vue.controller.BoardController  [0;39m [2m:[0;39m showQnaCommentByNo - 호출
[2m2022-05-26 01:14:07.852[0;39m [32mDEBUG[0;39m [35m20960[0;39m [2m---[0;39m [2m[nio-9999-exec-5][0;39m [36mc.ssafy.vue.controller.BoardController  [0;39m [2m:[0;39m writeQnaComment - 호출
[2m2022-05-26 01:14:14.178[0;39m [32mDEBUG[0;39m [35m20960[0;39m [2m---[0;39m [2m[nio-9999-exec-6][0;39m [36mc.ssafy.vue.controller.BoardController  [0;39m [2m:[0;39m detailQna - 호출
[2m2022-05-26 01:14:14.372[0;39m [32mDEBUG[0;39m [35m20960[0;39m [2m---[0;39m [2m[nio-9999-exec-7][0;39m [36mc.ssafy.vue.controller.BoardController  [0;39m [2m:[0;39m showQnaCommentByNo - 호출
[2m2022-05-26 01:14:14.410[0;39m [32mDEBUG[0;39m [35m20960[0;39m [2m---[0;39m [2m[nio-9999-exec-9][0;39m [36mc.ssafy.vue.controller.BoardController  [0;39m [2m:[0;39m retrieveBoard - 호출
[2m2022-05-26 01:14:15.722[0;39m [32mDEBUG[0;39m [35m20960[0;39m [2m---[0;39m [2m[nio-9999-exec-8][0;39m [36mc.ssafy.vue.controller.BoardController  [0;39m [2m:[0;39m detailBoard - 호출
[2m2022-05-26 01:14:15.725[0;39m [32mDEBUG[0;39m [35m20960[0;39m [2m---[0;39m [2m[io-9999-exec-10][0;39m [36mc.ssafy.vue.controller.BoardController  [0;39m [2m:[0;39m showBoardCommentByNo - 호출
[2m2022-05-26 01:14:58.540[0;39m [32mDEBUG[0;39m [35m20960[0;39m [2m---[0;39m [2m[nio-9999-exec-1][0;39m [36mc.ssafy.vue.controller.BoardController  [0;39m [2m:[0;39m retrieveBoard - 호출
[2m2022-05-26 01:15:02.814[0;39m [32mDEBUG[0;39m [35m20960[0;39m [2m---[0;39m [2m[nio-9999-exec-2][0;39m [36mc.ssafy.vue.controller.BoardController  [0;39m [2m:[0;39m detailBoard - 호출
[2m2022-05-26 01:15:02.821[0;39m [32mDEBUG[0;39m [35m20960[0;39m [2m---[0;39m [2m[nio-9999-exec-4][0;39m [36mc.ssafy.vue.controller.BoardController  [0;39m [2m:[0;39m showBoardCommentByNo - 호출
[2m2022-05-26 01:15:47.671[0;39m [32mDEBUG[0;39m [35m20960[0;39m [2m---[0;39m [2m[nio-9999-exec-3][0;39m [36mc.ssafy.vue.controller.BoardController  [0;39m [2m:[0;39m retrieveBoard - 호출
[2m2022-05-26 01:17:11.116[0;39m [32mDEBUG[0;39m [35m20960[0;39m [2m---[0;39m [2m[nio-9999-exec-7][0;39m [36mc.ssafy.vue.controller.BoardController  [0;39m [2m:[0;39m retrieveBoard - 호출
[2m2022-05-26 01:17:12.009[0;39m [32mDEBUG[0;39m [35m20960[0;39m [2m---[0;39m [2m[nio-9999-exec-9][0;39m [36mc.ssafy.vue.controller.BoardController  [0;39m [2m:[0;39m detailBoard - 호출
[2m2022-05-26 01:17:12.018[0;39m [32mDEBUG[0;39m [35m20960[0;39m [2m---[0;39m [2m[io-9999-exec-10][0;39m [36mc.ssafy.vue.controller.BoardController  [0;39m [2m:[0;39m showBoardCommentByNo - 호출
[2m2022-05-26 01:17:13.059[0;39m [32mDEBUG[0;39m [35m20960[0;39m [2m---[0;39m [2m[nio-9999-exec-8][0;39m [36mc.ssafy.vue.controller.BoardController  [0;39m [2m:[0;39m retrieveBoard - 호출
[2m2022-05-26 01:17:13.891[0;39m [32mDEBUG[0;39m [35m20960[0;39m [2m---[0;39m [2m[nio-9999-exec-1][0;39m [36mc.ssafy.vue.controller.BoardController  [0;39m [2m:[0;39m detailBoard - 호출
[2m2022-05-26 01:17:13.893[0;39m [32mDEBUG[0;39m [35m20960[0;39m [2m---[0;39m [2m[nio-9999-exec-2][0;39m [36mc.ssafy.vue.controller.BoardController  [0;39m [2m:[0;39m showBoardCommentByNo - 호출
[2m2022-05-26 01:17:16.310[0;39m [32mDEBUG[0;39m [35m20960[0;39m [2m---[0;39m [2m[nio-9999-exec-4][0;39m [36mc.ssafy.vue.controller.BoardController  [0;39m [2m:[0;39m retrieveBoard - 호출
[2m2022-05-26 01:17:46.244[0;39m [32mDEBUG[0;39m [35m20960[0;39m [2m---[0;39m [2m[nio-9999-exec-3][0;39m [36mc.ssafy.vue.controller.BoardController  [0;39m [2m:[0;39m detailBoard - 호출
[2m2022-05-26 01:17:46.247[0;39m [32mDEBUG[0;39m [35m20960[0;39m [2m---[0;39m [2m[nio-9999-exec-5][0;39m [36mc.ssafy.vue.controller.BoardController  [0;39m [2m:[0;39m showBoardCommentByNo - 호출
[2m2022-05-26 01:21:31.459[0;39m [32mDEBUG[0;39m [35m20960[0;39m [2m---[0;39m [2m[io-9999-exec-10][0;39m [36mc.ssafy.vue.controller.BoardController  [0;39m [2m:[0;39m detailBoard - 호출
[2m2022-05-26 01:21:31.508[0;39m [32mDEBUG[0;39m [35m20960[0;39m [2m---[0;39m [2m[nio-9999-exec-9][0;39m [36mc.ssafy.vue.controller.BoardController  [0;39m [2m:[0;39m showBoardCommentByNo - 호출
[2m2022-05-26 01:24:21.471[0;39m [32mDEBUG[0;39m [35m20960[0;39m [2m---[0;39m [2m[nio-9999-exec-1][0;39m [36mc.ssafy.vue.controller.BoardController  [0;39m [2m:[0;39m detailBoard - 호출
[2m2022-05-26 01:24:21.472[0;39m [32mDEBUG[0;39m [35m20960[0;39m [2m---[0;39m [2m[nio-9999-exec-4][0;39m [36mc.ssafy.vue.controller.BoardController  [0;39m [2m:[0;39m showBoardCommentByNo - 호출
[2m2022-05-26 01:24:46.263[0;39m [32mDEBUG[0;39m [35m20960[0;39m [2m---[0;39m [2m[nio-9999-exec-5][0;39m [36mc.ssafy.vue.controller.BoardController  [0;39m [2m:[0;39m detailBoard - 호출
[2m2022-05-26 01:24:46.267[0;39m [32mDEBUG[0;39m [35m20960[0;39m [2m---[0;39m [2m[nio-9999-exec-3][0;39m [36mc.ssafy.vue.controller.BoardController  [0;39m [2m:[0;39m showBoardCommentByNo - 호출
[2m2022-05-26 01:25:08.875[0;39m [32mDEBUG[0;39m [35m20960[0;39m [2m---[0;39m [2m[nio-9999-exec-6][0;39m [36mc.ssafy.vue.controller.BoardController  [0;39m [2m:[0;39m detailBoard - 호출
[2m2022-05-26 01:25:08.878[0;39m [32mDEBUG[0;39m [35m20960[0;39m [2m---[0;39m [2m[nio-9999-exec-7][0;39m [36mc.ssafy.vue.controller.BoardController  [0;39m [2m:[0;39m showBoardCommentByNo - 호출
[2m2022-05-26 01:25:22.931[0;39m [32mDEBUG[0;39m [35m20960[0;39m [2m---[0;39m [2m[nio-9999-exec-9][0;39m [36mc.ssafy.vue.controller.BoardController  [0;39m [2m:[0;39m showBoardCommentByNo - 호출
[2m2022-05-26 01:25:22.931[0;39m [32mDEBUG[0;39m [35m20960[0;39m [2m---[0;39m [2m[io-9999-exec-10][0;39m [36mc.ssafy.vue.controller.BoardController  [0;39m [2m:[0;39m detailBoard - 호출
[2m2022-05-26 01:25:34.890[0;39m [32mDEBUG[0;39m [35m20960[0;39m [2m---[0;39m [2m[nio-9999-exec-2][0;39m [36mc.ssafy.vue.controller.BoardController  [0;39m [2m:[0;39m detailBoard - 호출
[2m2022-05-26 01:25:34.892[0;39m [32mDEBUG[0;39m [35m20960[0;39m [2m---[0;39m [2m[nio-9999-exec-8][0;39m [36mc.ssafy.vue.controller.BoardController  [0;39m [2m:[0;39m showBoardCommentByNo - 호출
[2m2022-05-26 01:25:45.096[0;39m [32mDEBUG[0;39m [35m20960[0;39m [2m---[0;39m [2m[nio-9999-exec-4][0;39m [36mc.ssafy.vue.controller.BoardController  [0;39m [2m:[0;39m detailBoard - 호출
[2m2022-05-26 01:25:45.097[0;39m [32mDEBUG[0;39m [35m20960[0;39m [2m---[0;39m [2m[nio-9999-exec-1][0;39m [36mc.ssafy.vue.controller.BoardController  [0;39m [2m:[0;39m showBoardCommentByNo - 호출
[2m2022-05-26 01:26:26.891[0;39m [32mDEBUG[0;39m [35m20960[0;39m [2m---[0;39m [2m[nio-9999-exec-3][0;39m [36mc.ssafy.vue.controller.BoardController  [0;39m [2m:[0;39m detailBoard - 호출
[2m2022-05-26 01:26:26.894[0;39m [32mDEBUG[0;39m [35m20960[0;39m [2m---[0;39m [2m[nio-9999-exec-5][0;39m [36mc.ssafy.vue.controller.BoardController  [0;39m [2m:[0;39m showBoardCommentByNo - 호출
[2m2022-05-26 01:26:37.585[0;39m [32mDEBUG[0;39m [35m20960[0;39m [2m---[0;39m [2m[nio-9999-exec-7][0;39m [36mc.ssafy.vue.controller.BoardController  [0;39m [2m:[0;39m detailBoard - 호출
[2m2022-05-26 01:26:37.591[0;39m [32mDEBUG[0;39m [35m20960[0;39m [2m---[0;39m [2m[nio-9999-exec-6][0;39m [36mc.ssafy.vue.controller.BoardController  [0;39m [2m:[0;39m showBoardCommentByNo - 호출
[2m2022-05-26 01:26:37.872[0;39m [32mDEBUG[0;39m [35m20960[0;39m [2m---[0;39m [2m[nio-9999-exec-9][0;39m [36mc.ssafy.vue.controller.BoardController  [0;39m [2m:[0;39m detailBoard - 호출
[2m2022-05-26 01:26:37.875[0;39m [32mDEBUG[0;39m [35m20960[0;39m [2m---[0;39m [2m[io-9999-exec-10][0;39m [36mc.ssafy.vue.controller.BoardController  [0;39m [2m:[0;39m showBoardCommentByNo - 호출
[2m2022-05-26 01:29:51.449[0;39m [32mDEBUG[0;39m [35m20960[0;39m [2m---[0;39m [2m[nio-9999-exec-1][0;39m [36mc.ssafy.vue.controller.BoardController  [0;39m [2m:[0;39m detailBoard - 호출
[2m2022-05-26 01:29:51.454[0;39m [32mDEBUG[0;39m [35m20960[0;39m [2m---[0;39m [2m[nio-9999-exec-4][0;39m [36mc.ssafy.vue.controller.BoardController  [0;39m [2m:[0;39m showBoardCommentByNo - 호출
[2m2022-05-26 01:29:51.615[0;39m [32mDEBUG[0;39m [35m20960[0;39m [2m---[0;39m [2m[nio-9999-exec-5][0;39m [36mc.ssafy.vue.controller.BoardController  [0;39m [2m:[0;39m detailBoard - 호출
[2m2022-05-26 01:29:51.633[0;39m [32mDEBUG[0;39m [35m20960[0;39m [2m---[0;39m [2m[nio-9999-exec-3][0;39m [36mc.ssafy.vue.controller.BoardController  [0;39m [2m:[0;39m showBoardCommentByNo - 호출
[2m2022-05-26 01:30:01.774[0;39m [32mDEBUG[0;39m [35m20960[0;39m [2m---[0;39m [2m[nio-9999-exec-6][0;39m [36mc.ssafy.vue.controller.BoardController  [0;39m [2m:[0;39m showQna - 호출
[2m2022-05-26 01:30:03.232[0;39m [32mDEBUG[0;39m [35m20960[0;39m [2m---[0;39m [2m[nio-9999-exec-7][0;39m [36mc.ssafy.vue.controller.BoardController  [0;39m [2m:[0;39m retrieveBoard - 호출
[2m2022-05-26 01:30:04.260[0;39m [32mDEBUG[0;39m [35m20960[0;39m [2m---[0;39m [2m[io-9999-exec-10][0;39m [36mc.ssafy.vue.controller.BoardController  [0;39m [2m:[0;39m detailBoard - 호출
[2m2022-05-26 01:30:04.262[0;39m [32mDEBUG[0;39m [35m20960[0;39m [2m---[0;39m [2m[nio-9999-exec-9][0;39m [36mc.ssafy.vue.controller.BoardController  [0;39m [2m:[0;39m showBoardCommentByNo - 호출
[2m2022-05-26 01:30:11.270[0;39m [32mDEBUG[0;39m [35m20960[0;39m [2m---[0;39m [2m[nio-9999-exec-2][0;39m [36mc.ssafy.vue.controller.BoardController  [0;39m [2m:[0;39m retrieveBoard - 호출
[2m2022-05-26 01:30:13.343[0;39m [32mDEBUG[0;39m [35m20960[0;39m [2m---[0;39m [2m[nio-9999-exec-8][0;39m [36mc.ssafy.vue.controller.BoardController  [0;39m [2m:[0;39m detailBoard - 호출
[2m2022-05-26 01:30:13.350[0;39m [32mDEBUG[0;39m [35m20960[0;39m [2m---[0;39m [2m[nio-9999-exec-4][0;39m [36mc.ssafy.vue.controller.BoardController  [0;39m [2m:[0;39m showBoardCommentByNo - 호출
[2m2022-05-26 01:30:14.351[0;39m [32mDEBUG[0;39m [35m20960[0;39m [2m---[0;39m [2m[nio-9999-exec-1][0;39m [36mc.ssafy.vue.controller.BoardController  [0;39m [2m:[0;39m retrieveBoard - 호출
[2m2022-05-26 01:30:16.078[0;39m [32mDEBUG[0;39m [35m20960[0;39m [2m---[0;39m [2m[nio-9999-exec-5][0;39m [36mc.ssafy.vue.controller.BoardController  [0;39m [2m:[0;39m detailBoard - 호출
[2m2022-05-26 01:30:16.089[0;39m [32mDEBUG[0;39m [35m20960[0;39m [2m---[0;39m [2m[nio-9999-exec-3][0;39m [36mc.ssafy.vue.controller.BoardController  [0;39m [2m:[0;39m showBoardCommentByNo - 호출
[2m2022-05-26 01:30:21.122[0;39m [32mDEBUG[0;39m [35m20960[0;39m [2m---[0;39m [2m[nio-9999-exec-6][0;39m [36mc.ssafy.vue.controller.BoardController  [0;39m [2m:[0;39m retrieveBoard - 호출
[2m2022-05-26 01:31:53.566[0;39m [32mDEBUG[0;39m [35m20960[0;39m [2m---[0;39m [2m[io-9999-exec-10][0;39m [36mc.ssafy.vue.controller.BoardController  [0;39m [2m:[0;39m retrieveBoard - 호출
[2m2022-05-26 01:31:54.777[0;39m [32mDEBUG[0;39m [35m20960[0;39m [2m---[0;39m [2m[nio-9999-exec-2][0;39m [36mc.ssafy.vue.controller.BoardController  [0;39m [2m:[0;39m detailBoard - 호출
[2m2022-05-26 01:31:54.788[0;39m [32mDEBUG[0;39m [35m20960[0;39m [2m---[0;39m [2m[nio-9999-exec-8][0;39m [36mc.ssafy.vue.controller.BoardController  [0;39m [2m:[0;39m showBoardCommentByNo - 호출
[2m2022-05-26 01:35:04.075[0;39m [32mDEBUG[0;39m [35m20960[0;39m [2m---[0;39m [2m[nio-9999-exec-5][0;39m [36mc.ssafy.vue.controller.BoardController  [0;39m [2m:[0;39m detailBoard - 호출
[2m2022-05-26 01:35:04.078[0;39m [32mDEBUG[0;39m [35m20960[0;39m [2m---[0;39m [2m[nio-9999-exec-3][0;39m [36mc.ssafy.vue.controller.BoardController  [0;39m [2m:[0;39m showBoardCommentByNo - 호출
[2m2022-05-26 01:35:34.466[0;39m [32mDEBUG[0;39m [35m20960[0;39m [2m---[0;39m [2m[nio-9999-exec-6][0;39m [36mc.ssafy.vue.controller.BoardController  [0;39m [2m:[0;39m detailBoard - 호출
[2m2022-05-26 01:35:34.471[0;39m [32mDEBUG[0;39m [35m20960[0;39m [2m---[0;39m [2m[nio-9999-exec-7][0;39m [36mc.ssafy.vue.controller.BoardController  [0;39m [2m:[0;39m showBoardCommentByNo - 호출
[2m2022-05-26 01:35:42.994[0;39m [32mDEBUG[0;39m [35m20960[0;39m [2m---[0;39m [2m[nio-9999-exec-9][0;39m [36mc.ssafy.vue.controller.BoardController  [0;39m [2m:[0;39m detailBoard - 호출
[2m2022-05-26 01:35:42.997[0;39m [32mDEBUG[0;39m [35m20960[0;39m [2m---[0;39m [2m[io-9999-exec-10][0;39m [36mc.ssafy.vue.controller.BoardController  [0;39m [2m:[0;39m showBoardCommentByNo - 호출
[2m2022-05-26 01:35:50.415[0;39m [32mDEBUG[0;39m [35m20960[0;39m [2m---[0;39m [2m[nio-9999-exec-2][0;39m [36mc.s.vue.controller.HouseMapController   [0;39m [2m:[0;39m sido : [SidoGugunCodeDto [sidoCode=11, sidoName=서울특별시, gugunCode=null, gugunName=null], SidoGugunCodeDto [sidoCode=26, sidoName=부산광역시, gugunCode=null, gugunName=null], SidoGugunCodeDto [sidoCode=27, sidoName=대구광역시, gugunCode=null, gugunName=null], SidoGugunCodeDto [sidoCode=28, sidoName=인천광역시, gugunCode=null, gugunName=null], SidoGugunCodeDto [sidoCode=29, sidoName=광주광역시, gugunCode=null, gugunName=null], SidoGugunCodeDto [sidoCode=30, sidoName=대전광역시, gugunCode=null, gugunName=null], SidoGugunCodeDto [sidoCode=31, sidoName=울산광역시, gugunCode=null, gugunName=null], SidoGugunCodeDto [sidoCode=36, sidoName=세종특별자치시, gugunCode=null, gugunName=null], SidoGugunCodeDto [sidoCode=41, sidoName=경기도, gugunCode=null, gugunName=null], SidoGugunCodeDto [sidoCode=42, sidoName=강원도, gugunCode=null, gugunName=null], SidoGugunCodeDto [sidoCode=43, sidoName=충청북도, gugunCode=null, gugunName=null], SidoGugunCodeDto [sidoCode=44, sidoName=충청남도, gugunCode=null, gugunName=null], SidoGugunCodeDto [sidoCode=45, sidoName=전라북도, gugunCode=null, gugunName=null], SidoGugunCodeDto [sidoCode=46, sidoName=전라남도, gugunCode=null, gugunName=null], SidoGugunCodeDto [sidoCode=47, sidoName=경상북도, gugunCode=null, gugunName=null], SidoGugunCodeDto [sidoCode=48, sidoName=경상남도, gugunCode=null, gugunName=null], SidoGugunCodeDto [sidoCode=50, sidoName=제주특별자치도, gugunCode=null, gugunName=null]]
[2m2022-05-26 01:35:51.630[0;39m [32mDEBUG[0;39m [35m20960[0;39m [2m---[0;39m [2m[nio-9999-exec-8][0;39m [36mc.ssafy.vue.controller.BoardController  [0;39m [2m:[0;39m retrieveBoard - 호출
[2m2022-05-26 01:35:53.396[0;39m [32mDEBUG[0;39m [35m20960[0;39m [2m---[0;39m [2m[nio-9999-exec-4][0;39m [36mc.ssafy.vue.controller.BoardController  [0;39m [2m:[0;39m detailBoard - 호출
[2m2022-05-26 01:35:53.399[0;39m [32mDEBUG[0;39m [35m20960[0;39m [2m---[0;39m [2m[nio-9999-exec-1][0;39m [36mc.ssafy.vue.controller.BoardController  [0;39m [2m:[0;39m showBoardCommentByNo - 호출
[2m2022-05-26 01:37:16.227[0;39m [32mDEBUG[0;39m [35m20960[0;39m [2m---[0;39m [2m[nio-9999-exec-7][0;39m [36mc.ssafy.vue.controller.BoardController  [0;39m [2m:[0;39m showQna - 호출
[2m2022-05-26 01:37:19.481[0;39m [32mDEBUG[0;39m [35m20960[0;39m [2m---[0;39m [2m[nio-9999-exec-6][0;39m [36mc.ssafy.vue.controller.BoardController  [0;39m [2m:[0;39m showQna - 호출
[2m2022-05-26 01:37:21.216[0;39m [32mDEBUG[0;39m [35m20960[0;39m [2m---[0;39m [2m[io-9999-exec-10][0;39m [36mc.ssafy.vue.controller.BoardController  [0;39m [2m:[0;39m detailQna - 호출
[2m2022-05-26 01:37:21.279[0;39m [32mDEBUG[0;39m [35m20960[0;39m [2m---[0;39m [2m[nio-9999-exec-9][0;39m [36mc.ssafy.vue.controller.BoardController  [0;39m [2m:[0;39m showQnaCommentByNo - 호출
[2m2022-05-26 01:41:59.845[0;39m [32mDEBUG[0;39m [35m20960[0;39m [2m---[0;39m [2m[nio-9999-exec-8][0;39m [36mc.ssafy.vue.controller.BoardController  [0;39m [2m:[0;39m retrieveBoard - 호출
[2m2022-05-26 01:42:16.879[0;39m [32mDEBUG[0;39m [35m20960[0;39m [2m---[0;39m [2m[nio-9999-exec-1][0;39m [36mc.ssafy.vue.controller.BoardController  [0;39m [2m:[0;39m detailBoard - 호출
[2m2022-05-26 01:42:16.883[0;39m [32mDEBUG[0;39m [35m20960[0;39m [2m---[0;39m [2m[nio-9999-exec-4][0;39m [36mc.ssafy.vue.controller.BoardController  [0;39m [2m:[0;39m showBoardCommentByNo - 호출
[2m2022-05-26 01:51:27.645[0;39m [32mDEBUG[0;39m [35m20960[0;39m [2m---[0;39m [2m[nio-9999-exec-7][0;39m [36mc.ssafy.vue.controller.BoardController  [0;39m [2m:[0;39m showQna - 호출
[2m2022-05-26 01:51:36.497[0;39m [32mDEBUG[0;39m [35m20960[0;39m [2m---[0;39m [2m[nio-9999-exec-6][0;39m [36mc.ssafy.vue.controller.BoardController  [0;39m [2m:[0;39m showQna - 호출
[2m2022-05-26 01:51:38.600[0;39m [32mDEBUG[0;39m [35m20960[0;39m [2m---[0;39m [2m[io-9999-exec-10][0;39m [36mc.ssafy.vue.controller.BoardController  [0;39m [2m:[0;39m showQna - 호출
[2m2022-05-26 01:51:42.404[0;39m [32mDEBUG[0;39m [35m20960[0;39m [2m---[0;39m [2m[nio-9999-exec-9][0;39m [36mc.ssafy.vue.controller.BoardController  [0;39m [2m:[0;39m detailQna - 호출
[2m2022-05-26 01:51:42.446[0;39m [32mDEBUG[0;39m [35m20960[0;39m [2m---[0;39m [2m[nio-9999-exec-2][0;39m [36mc.ssafy.vue.controller.BoardController  [0;39m [2m:[0;39m showQnaCommentByNo - 호출
[2m2022-05-26 01:52:02.778[0;39m [32mDEBUG[0;39m [35m20960[0;39m [2m---[0;39m [2m[nio-9999-exec-8][0;39m [36mc.ssafy.vue.controller.BoardController  [0;39m [2m:[0;39m writeQnaComment - 호출
[2m2022-05-26 01:52:08.395[0;39m [32mDEBUG[0;39m [35m20960[0;39m [2m---[0;39m [2m[nio-9999-exec-4][0;39m [36mc.ssafy.vue.controller.BoardController  [0;39m [2m:[0;39m detailQna - 호출
[2m2022-05-26 01:52:08.452[0;39m [32mDEBUG[0;39m [35m20960[0;39m [2m---[0;39m [2m[nio-9999-exec-1][0;39m [36mc.ssafy.vue.controller.BoardController  [0;39m [2m:[0;39m showQnaCommentByNo - 호출
[2m2022-05-26 01:52:23.186[0;39m [32mDEBUG[0;39m [35m20960[0;39m [2m---[0;39m [2m[nio-9999-exec-5][0;39m [36mc.ssafy.vue.controller.MemberController [0;39m [2m:[0;39m 로그인 토큰정보 : eyJ0eXAiOiJKV1QiLCJyZWdEYXRlIjoxNjUzNDk3NTQzMTg2LCJhbGciOiJIUzI1NiJ9.eyJleHAiOjE2NTM1MDExNDMsInN1YiI6ImFjY2Vzcy10b2tlbiIsInVzZXJpZCI6ImFkbWluIn0.h5GENGRtG44O0gPKS33k_lIhpOBu7oLSB2JjoJX_qpM
[2m2022-05-26 01:52:23.236[0;39m [32mDEBUG[0;39m [35m20960[0;39m [2m---[0;39m [2m[nio-9999-exec-6][0;39m [36mc.ssafy.vue.controller.MemberController [0;39m [2m:[0;39m userid : admin 
[2m2022-05-26 01:52:23.242[0;39m [32m INFO[0;39m [35m20960[0;39m [2m---[0;39m [2m[nio-9999-exec-6][0;39m [36mc.ssafy.vue.controller.MemberController [0;39m [2m:[0;39m 사용 가능한 토큰!!!
[2m2022-05-26 01:52:27.591[0;39m [32mDEBUG[0;39m [35m20960[0;39m [2m---[0;39m [2m[io-9999-exec-10][0;39m [36mc.ssafy.vue.controller.BoardController  [0;39m [2m:[0;39m showQna - 호출
[2m2022-05-26 01:52:29.978[0;39m [32mDEBUG[0;39m [35m20960[0;39m [2m---[0;39m [2m[nio-9999-exec-9][0;39m [36mc.ssafy.vue.controller.BoardController  [0;39m [2m:[0;39m detailQna - 호출
[2m2022-05-26 01:52:30.113[0;39m [32mDEBUG[0;39m [35m20960[0;39m [2m---[0;39m [2m[nio-9999-exec-2][0;39m [36mc.ssafy.vue.controller.BoardController  [0;39m [2m:[0;39m showQnaCommentByNo - 호출
[2m2022-05-26 01:52:30.982[0;39m [32mDEBUG[0;39m [35m20960[0;39m [2m---[0;39m [2m[nio-9999-exec-8][0;39m [36mc.ssafy.vue.controller.BoardController  [0;39m [2m:[0;39m showQna - 호출
[2m2022-05-26 01:52:31.737[0;39m [32mDEBUG[0;39m [35m20960[0;39m [2m---[0;39m [2m[nio-9999-exec-4][0;39m [36mc.ssafy.vue.controller.BoardController  [0;39m [2m:[0;39m detailQna - 호출
[2m2022-05-26 01:52:31.776[0;39m [32mDEBUG[0;39m [35m20960[0;39m [2m---[0;39m [2m[nio-9999-exec-1][0;39m [36mc.ssafy.vue.controller.BoardController  [0;39m [2m:[0;39m showQnaCommentByNo - 호출
[2m2022-05-26 01:52:32.380[0;39m [32mDEBUG[0;39m [35m20960[0;39m [2m---[0;39m [2m[nio-9999-exec-3][0;39m [36mc.ssafy.vue.controller.BoardController  [0;39m [2m:[0;39m showQna - 호출
[2m2022-05-26 01:52:33.326[0;39m [32mDEBUG[0;39m [35m20960[0;39m [2m---[0;39m [2m[nio-9999-exec-5][0;39m [36mc.ssafy.vue.controller.BoardController  [0;39m [2m:[0;39m detailQna - 호출
[2m2022-05-26 01:52:33.410[0;39m [32mDEBUG[0;39m [35m20960[0;39m [2m---[0;39m [2m[nio-9999-exec-7][0;39m [36mc.ssafy.vue.controller.BoardController  [0;39m [2m:[0;39m showQnaCommentByNo - 호출
[2m2022-05-26 01:52:34.031[0;39m [32mDEBUG[0;39m [35m20960[0;39m [2m---[0;39m [2m[nio-9999-exec-6][0;39m [36mc.ssafy.vue.controller.BoardController  [0;39m [2m:[0;39m showQna - 호출
[2m2022-05-26 01:52:35.072[0;39m [32mDEBUG[0;39m [35m20960[0;39m [2m---[0;39m [2m[io-9999-exec-10][0;39m [36mc.ssafy.vue.controller.BoardController  [0;39m [2m:[0;39m detailQna - 호출
[2m2022-05-26 01:52:35.106[0;39m [32mDEBUG[0;39m [35m20960[0;39m [2m---[0;39m [2m[nio-9999-exec-9][0;39m [36mc.ssafy.vue.controller.BoardController  [0;39m [2m:[0;39m showQnaCommentByNo - 호출
[2m2022-05-26 01:52:35.914[0;39m [32mDEBUG[0;39m [35m20960[0;39m [2m---[0;39m [2m[nio-9999-exec-2][0;39m [36mc.ssafy.vue.controller.BoardController  [0;39m [2m:[0;39m showQna - 호출
[2m2022-05-26 01:52:36.629[0;39m [32mDEBUG[0;39m [35m20960[0;39m [2m---[0;39m [2m[nio-9999-exec-8][0;39m [36mc.ssafy.vue.controller.BoardController  [0;39m [2m:[0;39m detailQna - 호출
[2m2022-05-26 01:52:36.673[0;39m [32mDEBUG[0;39m [35m20960[0;39m [2m---[0;39m [2m[nio-9999-exec-4][0;39m [36mc.ssafy.vue.controller.BoardController  [0;39m [2m:[0;39m showQnaCommentByNo - 호출
[2m2022-05-26 01:52:38.436[0;39m [32mDEBUG[0;39m [35m20960[0;39m [2m---[0;39m [2m[nio-9999-exec-1][0;39m [36mc.ssafy.vue.controller.BoardController  [0;39m [2m:[0;39m showQna - 호출
[2m2022-05-26 01:52:40.890[0;39m [32mDEBUG[0;39m [35m20960[0;39m [2m---[0;39m [2m[nio-9999-exec-3][0;39m [36mc.ssafy.vue.controller.BoardController  [0;39m [2m:[0;39m detailQna - 호출
[2m2022-05-26 01:52:40.956[0;39m [32mDEBUG[0;39m [35m20960[0;39m [2m---[0;39m [2m[nio-9999-exec-5][0;39m [36mc.ssafy.vue.controller.BoardController  [0;39m [2m:[0;39m showQnaCommentByNo - 호출
[2m2022-05-26 01:52:45.164[0;39m [32mDEBUG[0;39m [35m20960[0;39m [2m---[0;39m [2m[nio-9999-exec-7][0;39m [36mc.ssafy.vue.controller.BoardController  [0;39m [2m:[0;39m writeQnaComment - 호출
[2m2022-05-26 01:52:50.469[0;39m [32mDEBUG[0;39m [35m20960[0;39m [2m---[0;39m [2m[nio-9999-exec-6][0;39m [36mc.ssafy.vue.controller.BoardController  [0;39m [2m:[0;39m detailQna - 호출
[2m2022-05-26 01:52:50.518[0;39m [32mDEBUG[0;39m [35m20960[0;39m [2m---[0;39m [2m[io-9999-exec-10][0;39m [36mc.ssafy.vue.controller.BoardController  [0;39m [2m:[0;39m showQnaCommentByNo - 호출
[2m2022-05-26 01:53:22.374[0;39m [32mDEBUG[0;39m [35m20960[0;39m [2m---[0;39m [2m[nio-9999-exec-9][0;39m [36mc.ssafy.vue.controller.BoardController  [0;39m [2m:[0;39m showQna - 호출
[2m2022-05-26 01:54:04.410[0;39m [32mDEBUG[0;39m [35m20960[0;39m [2m---[0;39m [2m[nio-9999-exec-8][0;39m [36mc.ssafy.vue.controller.MemberController [0;39m [2m:[0;39m 로그인 토큰정보 : eyJ0eXAiOiJKV1QiLCJyZWdEYXRlIjoxNjUzNDk3NjQ0NDEwLCJhbGciOiJIUzI1NiJ9.eyJleHAiOjE2NTM1MDEyNDQsInN1YiI6ImFjY2Vzcy10b2tlbiIsInVzZXJpZCI6ImFkbWluIn0.ZIYPe0HHPGI9SAklf9TR43iUHTi6EqEo17JUHaF4rGI
[2m2022-05-26 01:54:04.510[0;39m [32mDEBUG[0;39m [35m20960[0;39m [2m---[0;39m [2m[nio-9999-exec-4][0;39m [36mc.ssafy.vue.controller.MemberController [0;39m [2m:[0;39m userid : admin 
[2m2022-05-26 01:54:04.511[0;39m [32m INFO[0;39m [35m20960[0;39m [2m---[0;39m [2m[nio-9999-exec-4][0;39m [36mc.ssafy.vue.controller.MemberController [0;39m [2m:[0;39m 사용 가능한 토큰!!!
[2m2022-05-26 01:54:07.218[0;39m [32mDEBUG[0;39m [35m20960[0;39m [2m---[0;39m [2m[nio-9999-exec-1][0;39m [36mc.ssafy.vue.controller.BoardController  [0;39m [2m:[0;39m showQna - 호출
[2m2022-05-26 01:54:30.438[0;39m [32mDEBUG[0;39m [35m20960[0;39m [2m---[0;39m [2m[nio-9999-exec-3][0;39m [36mc.ssafy.vue.controller.BoardController  [0;39m [2m:[0;39m retrieveBoard - 호출
[2m2022-05-26 01:54:39.266[0;39m [32mDEBUG[0;39m [35m20960[0;39m [2m---[0;39m [2m[nio-9999-exec-5][0;39m [36mc.ssafy.vue.controller.MemberController [0;39m [2m:[0;39m 로그인 토큰정보 : eyJ0eXAiOiJKV1QiLCJyZWdEYXRlIjoxNjUzNDk3Njc5MjY1LCJhbGciOiJIUzI1NiJ9.eyJleHAiOjE2NTM1MDEyNzksInN1YiI6ImFjY2Vzcy10b2tlbiIsInVzZXJpZCI6ImFkbWluIn0.BqPb_BCEoDx3nnuyvEyyrJoqPSaeF5fYIHW_Huhy70Y
[2m2022-05-26 01:54:39.316[0;39m [32mDEBUG[0;39m [35m20960[0;39m [2m---[0;39m [2m[nio-9999-exec-7][0;39m [36mc.ssafy.vue.controller.MemberController [0;39m [2m:[0;39m userid : admin 
[2m2022-05-26 01:54:39.317[0;39m [32m INFO[0;39m [35m20960[0;39m [2m---[0;39m [2m[nio-9999-exec-7][0;39m [36mc.ssafy.vue.controller.MemberController [0;39m [2m:[0;39m 사용 가능한 토큰!!!
[2m2022-05-26 01:54:41.138[0;39m [32mDEBUG[0;39m [35m20960[0;39m [2m---[0;39m [2m[nio-9999-exec-6][0;39m [36mc.ssafy.vue.controller.BoardController  [0;39m [2m:[0;39m retrieveBoard - 호출
[2m2022-05-26 01:54:45.144[0;39m [32mDEBUG[0;39m [35m20960[0;39m [2m---[0;39m [2m[io-9999-exec-10][0;39m [36mc.ssafy.vue.controller.BoardController  [0;39m [2m:[0;39m showQna - 호출
[2m2022-05-26 01:54:46.406[0;39m [32mDEBUG[0;39m [35m20960[0;39m [2m---[0;39m [2m[nio-9999-exec-9][0;39m [36mc.ssafy.vue.controller.BoardController  [0;39m [2m:[0;39m detailQna - 호출
[2m2022-05-26 01:54:46.478[0;39m [32mDEBUG[0;39m [35m20960[0;39m [2m---[0;39m [2m[nio-9999-exec-2][0;39m [36mc.ssafy.vue.controller.BoardController  [0;39m [2m:[0;39m showQnaCommentByNo - 호출
[2m2022-05-26 01:54:48.335[0;39m [32mDEBUG[0;39m [35m20960[0;39m [2m---[0;39m [2m[nio-9999-exec-8][0;39m [36mc.ssafy.vue.controller.BoardController  [0;39m [2m:[0;39m retrieveBoard - 호출
[2m2022-05-26 01:54:49.275[0;39m [32mDEBUG[0;39m [35m20960[0;39m [2m---[0;39m [2m[nio-9999-exec-4][0;39m [36mc.ssafy.vue.controller.BoardController  [0;39m [2m:[0;39m detailBoard - 호출
[2m2022-05-26 01:54:49.278[0;39m [32mDEBUG[0;39m [35m20960[0;39m [2m---[0;39m [2m[nio-9999-exec-1][0;39m [36mc.ssafy.vue.controller.BoardController  [0;39m [2m:[0;39m showBoardCommentByNo - 호출
[2m2022-05-26 01:54:52.019[0;39m [32mDEBUG[0;39m [35m20960[0;39m [2m---[0;39m [2m[nio-9999-exec-3][0;39m [36mc.ssafy.vue.controller.BoardController  [0;39m [2m:[0;39m retrieveBoard - 호출
[2m2022-05-26 01:54:53.041[0;39m [32mDEBUG[0;39m [35m20960[0;39m [2m---[0;39m [2m[nio-9999-exec-5][0;39m [36mc.ssafy.vue.controller.BoardController  [0;39m [2m:[0;39m detailBoard - 호출
[2m2022-05-26 01:54:53.057[0;39m [32mDEBUG[0;39m [35m20960[0;39m [2m---[0;39m [2m[nio-9999-exec-7][0;39m [36mc.ssafy.vue.controller.BoardController  [0;39m [2m:[0;39m showBoardCommentByNo - 호출
[2m2022-05-26 01:54:54.018[0;39m [32mDEBUG[0;39m [35m20960[0;39m [2m---[0;39m [2m[nio-9999-exec-6][0;39m [36mc.ssafy.vue.controller.BoardController  [0;39m [2m:[0;39m retrieveBoard - 호출
[2m2022-05-26 01:54:54.797[0;39m [32mDEBUG[0;39m [35m20960[0;39m [2m---[0;39m [2m[io-9999-exec-10][0;39m [36mc.ssafy.vue.controller.BoardController  [0;39m [2m:[0;39m detailBoard - 호출
[2m2022-05-26 01:54:54.801[0;39m [32mDEBUG[0;39m [35m20960[0;39m [2m---[0;39m [2m[nio-9999-exec-9][0;39m [36mc.ssafy.vue.controller.BoardController  [0;39m [2m:[0;39m showBoardCommentByNo - 호출
[2m2022-05-26 01:54:57.263[0;39m [32mDEBUG[0;39m [35m20960[0;39m [2m---[0;39m [2m[nio-9999-exec-2][0;39m [36mc.ssafy.vue.controller.BoardController  [0;39m [2m:[0;39m retrieveBoard - 호출
[2m2022-05-26 01:55:34.515[0;39m [32mDEBUG[0;39m [35m20960[0;39m [2m---[0;39m [2m[nio-9999-exec-8][0;39m [36mc.ssafy.vue.controller.BoardController  [0;39m [2m:[0;39m showQna - 호출
[2m2022-05-26 01:56:37.708[0;39m [32mDEBUG[0;39m [35m20960[0;39m [2m---[0;39m [2m[nio-9999-exec-3][0;39m [36mc.ssafy.vue.controller.BoardController  [0;39m [2m:[0;39m showQna - 호출
[2m2022-05-26 01:56:40.236[0;39m [32mDEBUG[0;39m [35m20960[0;39m [2m---[0;39m [2m[nio-9999-exec-5][0;39m [36mc.ssafy.vue.controller.BoardController  [0;39m [2m:[0;39m detailQna - 호출
[2m2022-05-26 01:56:40.286[0;39m [32mDEBUG[0;39m [35m20960[0;39m [2m---[0;39m [2m[nio-9999-exec-7][0;39m [36mc.ssafy.vue.controller.BoardController  [0;39m [2m:[0;39m showQnaCommentByNo - 호출
[2m2022-05-26 02:05:38.973[0;39m [32mDEBUG[0;39m [35m20960[0;39m [2m---[0;39m [2m[nio-9999-exec-9][0;39m [36mc.ssafy.vue.controller.BoardController  [0;39m [2m:[0;39m retrieveBoard - 호출
[2m2022-05-26 02:05:50.106[0;39m [32mDEBUG[0;39m [35m20960[0;39m [2m---[0;39m [2m[io-9999-exec-10][0;39m [36mc.ssafy.vue.controller.MemberController [0;39m [2m:[0;39m 로그인 토큰정보 : eyJ0eXAiOiJKV1QiLCJyZWdEYXRlIjoxNjUzNDk4MzUwMTA2LCJhbGciOiJIUzI1NiJ9.eyJleHAiOjE2NTM1MDE5NTAsInN1YiI6ImFjY2Vzcy10b2tlbiIsInVzZXJpZCI6InNzYWZ5MTIzIn0.mQKS_MmI-0CkqovZTipVNjEeDAqk7Z6OnfDXgT4Ntzo
[2m2022-05-26 02:05:50.234[0;39m [32mDEBUG[0;39m [35m20960[0;39m [2m---[0;39m [2m[nio-9999-exec-2][0;39m [36mc.ssafy.vue.controller.MemberController [0;39m [2m:[0;39m userid : ssafy123 
[2m2022-05-26 02:05:50.238[0;39m [32m INFO[0;39m [35m20960[0;39m [2m---[0;39m [2m[nio-9999-exec-2][0;39m [36mc.ssafy.vue.controller.MemberController [0;39m [2m:[0;39m 사용 가능한 토큰!!!
[2m2022-05-26 02:05:51.325[0;39m [32mDEBUG[0;39m [35m20960[0;39m [2m---[0;39m [2m[nio-9999-exec-8][0;39m [36mc.ssafy.vue.controller.BoardController  [0;39m [2m:[0;39m retrieveBoard - 호출
[2m2022-05-26 02:05:52.823[0;39m [32mDEBUG[0;39m [35m20960[0;39m [2m---[0;39m [2m[nio-9999-exec-1][0;39m [36mc.ssafy.vue.controller.BoardController  [0;39m [2m:[0;39m detailBoard - 호출
[2m2022-05-26 02:05:52.823[0;39m [32mDEBUG[0;39m [35m20960[0;39m [2m---[0;39m [2m[nio-9999-exec-4][0;39m [36mc.ssafy.vue.controller.BoardController  [0;39m [2m:[0;39m showBoardCommentByNo - 호출
[2m2022-05-26 02:07:16.551[0;39m [32mDEBUG[0;39m [35m20960[0;39m [2m---[0;39m [2m[nio-9999-exec-7][0;39m [36mc.ssafy.vue.controller.BoardController  [0;39m [2m:[0;39m retrieveBoard - 호출
[2m2022-05-26 02:07:17.521[0;39m [32mDEBUG[0;39m [35m20960[0;39m [2m---[0;39m [2m[nio-9999-exec-6][0;39m [36mc.ssafy.vue.controller.BoardController  [0;39m [2m:[0;39m detailBoard - 호출
[2m2022-05-26 02:07:17.524[0;39m [32mDEBUG[0;39m [35m20960[0;39m [2m---[0;39m [2m[nio-9999-exec-9][0;39m [36mc.ssafy.vue.controller.BoardController  [0;39m [2m:[0;39m showBoardCommentByNo - 호출
[2m2022-05-26 02:07:37.915[0;39m [32mDEBUG[0;39m [35m20960[0;39m [2m---[0;39m [2m[nio-9999-exec-8][0;39m [36mc.ssafy.vue.controller.BoardController  [0;39m [2m:[0;39m retrieveBoard - 호출
[2m2022-05-26 02:07:55.333[0;39m [32mDEBUG[0;39m [35m20960[0;39m [2m---[0;39m [2m[nio-9999-exec-4][0;39m [36mc.ssafy.vue.controller.BoardController  [0;39m [2m:[0;39m detailBoard - 호출
[2m2022-05-26 02:07:55.333[0;39m [32mDEBUG[0;39m [35m20960[0;39m [2m---[0;39m [2m[nio-9999-exec-1][0;39m [36mc.ssafy.vue.controller.BoardController  [0;39m [2m:[0;39m showBoardCommentByNo - 호출
[2m2022-05-26 02:07:57.300[0;39m [32mDEBUG[0;39m [35m20960[0;39m [2m---[0;39m [2m[nio-9999-exec-3][0;39m [36mc.ssafy.vue.controller.BoardController  [0;39m [2m:[0;39m retrieveBoard - 호출
[2m2022-05-26 02:08:02.260[0;39m [32mDEBUG[0;39m [35m20960[0;39m [2m---[0;39m [2m[nio-9999-exec-5][0;39m [36mc.ssafy.vue.controller.BoardController  [0;39m [2m:[0;39m detailBoard - 호출
[2m2022-05-26 02:08:02.261[0;39m [32mDEBUG[0;39m [35m20960[0;39m [2m---[0;39m [2m[nio-9999-exec-7][0;39m [36mc.ssafy.vue.controller.BoardController  [0;39m [2m:[0;39m showBoardCommentByNo - 호출
[2m2022-05-26 02:11:58.052[0;39m [32mDEBUG[0;39m [35m20960[0;39m [2m---[0;39m [2m[io-9999-exec-10][0;39m [36mc.ssafy.vue.controller.BoardController  [0;39m [2m:[0;39m detailBoard - 호출
[2m2022-05-26 02:11:58.056[0;39m [32mDEBUG[0;39m [35m20960[0;39m [2m---[0;39m [2m[nio-9999-exec-2][0;39m [36mc.ssafy.vue.controller.BoardController  [0;39m [2m:[0;39m showBoardCommentByNo - 호출
[2m2022-05-26 02:12:03.431[0;39m [32mDEBUG[0;39m [35m20960[0;39m [2m---[0;39m [2m[nio-9999-exec-8][0;39m [36mc.ssafy.vue.controller.BoardController  [0;39m [2m:[0;39m retrieveBoard - 호출
[2m2022-05-26 02:12:04.820[0;39m [32mDEBUG[0;39m [35m20960[0;39m [2m---[0;39m [2m[nio-9999-exec-1][0;39m [36mc.ssafy.vue.controller.BoardController  [0;39m [2m:[0;39m detailBoard - 호출
[2m2022-05-26 02:12:04.832[0;39m [32mDEBUG[0;39m [35m20960[0;39m [2m---[0;39m [2m[nio-9999-exec-4][0;39m [36mc.ssafy.vue.controller.BoardController  [0;39m [2m:[0;39m showBoardCommentByNo - 호출
[2m2022-05-26 02:12:05.559[0;39m [32mDEBUG[0;39m [35m20960[0;39m [2m---[0;39m [2m[nio-9999-exec-3][0;39m [36mc.ssafy.vue.controller.BoardController  [0;39m [2m:[0;39m retrieveBoard - 호출
[2m2022-05-26 02:12:09.532[0;39m [32mDEBUG[0;39m [35m20960[0;39m [2m---[0;39m [2m[nio-9999-exec-7][0;39m [36mc.ssafy.vue.controller.BoardController  [0;39m [2m:[0;39m detailBoard - 호출
[2m2022-05-26 02:12:09.533[0;39m [32mDEBUG[0;39m [35m20960[0;39m [2m---[0;39m [2m[nio-9999-exec-5][0;39m [36mc.ssafy.vue.controller.BoardController  [0;39m [2m:[0;39m showBoardCommentByNo - 호출
[2m2022-05-26 02:12:10.611[0;39m [32mDEBUG[0;39m [35m20960[0;39m [2m---[0;39m [2m[nio-9999-exec-6][0;39m [36mc.ssafy.vue.controller.BoardController  [0;39m [2m:[0;39m retrieveBoard - 호출
[2m2022-05-26 02:12:11.583[0;39m [32mDEBUG[0;39m [35m20960[0;39m [2m---[0;39m [2m[nio-9999-exec-9][0;39m [36mc.ssafy.vue.controller.BoardController  [0;39m [2m:[0;39m detailBoard - 호출
[2m2022-05-26 02:12:11.586[0;39m [32mDEBUG[0;39m [35m20960[0;39m [2m---[0;39m [2m[nio-9999-exec-2][0;39m [36mc.ssafy.vue.controller.BoardController  [0;39m [2m:[0;39m showBoardCommentByNo - 호출
[2m2022-05-26 02:12:16.394[0;39m [32mDEBUG[0;39m [35m20960[0;39m [2m---[0;39m [2m[io-9999-exec-10][0;39m [36mc.ssafy.vue.controller.BoardController  [0;39m [2m:[0;39m retrieveBoard - 호출
[2m2022-05-26 02:12:17.877[0;39m [32mDEBUG[0;39m [35m20960[0;39m [2m---[0;39m [2m[nio-9999-exec-8][0;39m [36mc.ssafy.vue.controller.BoardController  [0;39m [2m:[0;39m detailBoard - 호출
[2m2022-05-26 02:12:17.880[0;39m [32mDEBUG[0;39m [35m20960[0;39m [2m---[0;39m [2m[nio-9999-exec-1][0;39m [36mc.ssafy.vue.controller.BoardController  [0;39m [2m:[0;39m showBoardCommentByNo - 호출
[2m2022-05-26 02:12:19.252[0;39m [32mDEBUG[0;39m [35m20960[0;39m [2m---[0;39m [2m[nio-9999-exec-4][0;39m [36mc.ssafy.vue.controller.BoardController  [0;39m [2m:[0;39m retrieveBoard - 호출
[2m2022-05-26 02:12:20.067[0;39m [32mDEBUG[0;39m [35m20960[0;39m [2m---[0;39m [2m[nio-9999-exec-3][0;39m [36mc.ssafy.vue.controller.BoardController  [0;39m [2m:[0;39m detailBoard - 호출
[2m2022-05-26 02:12:20.081[0;39m [32mDEBUG[0;39m [35m20960[0;39m [2m---[0;39m [2m[nio-9999-exec-5][0;39m [36mc.ssafy.vue.controller.BoardController  [0;39m [2m:[0;39m showBoardCommentByNo - 호출
[2m2022-05-26 02:12:25.379[0;39m [32mDEBUG[0;39m [35m20960[0;39m [2m---[0;39m [2m[nio-9999-exec-7][0;39m [36mc.ssafy.vue.controller.BoardController  [0;39m [2m:[0;39m retrieveBoard - 호출
[2m2022-05-26 02:12:26.304[0;39m [32mDEBUG[0;39m [35m20960[0;39m [2m---[0;39m [2m[nio-9999-exec-6][0;39m [36mc.ssafy.vue.controller.BoardController  [0;39m [2m:[0;39m detailBoard - 호출
[2m2022-05-26 02:12:26.308[0;39m [32mDEBUG[0;39m [35m20960[0;39m [2m---[0;39m [2m[nio-9999-exec-2][0;39m [36mc.ssafy.vue.controller.BoardController  [0;39m [2m:[0;39m showBoardCommentByNo - 호출
[2m2022-05-26 02:12:27.268[0;39m [32mDEBUG[0;39m [35m20960[0;39m [2m---[0;39m [2m[nio-9999-exec-9][0;39m [36mc.ssafy.vue.controller.BoardController  [0;39m [2m:[0;39m retrieveBoard - 호출
[2m2022-05-26 02:12:27.992[0;39m [32mDEBUG[0;39m [35m20960[0;39m [2m---[0;39m [2m[io-9999-exec-10][0;39m [36mc.ssafy.vue.controller.BoardController  [0;39m [2m:[0;39m detailBoard - 호출
[2m2022-05-26 02:12:27.994[0;39m [32mDEBUG[0;39m [35m20960[0;39m [2m---[0;39m [2m[nio-9999-exec-1][0;39m [36mc.ssafy.vue.controller.BoardController  [0;39m [2m:[0;39m showBoardCommentByNo - 호출
[2m2022-05-26 02:15:05.354[0;39m [32mDEBUG[0;39m [35m20960[0;39m [2m---[0;39m [2m[nio-9999-exec-3][0;39m [36mc.ssafy.vue.controller.BoardController  [0;39m [2m:[0;39m detailBoard - 호출
[2m2022-05-26 02:15:05.368[0;39m [32mDEBUG[0;39m [35m20960[0;39m [2m---[0;39m [2m[nio-9999-exec-5][0;39m [36mc.ssafy.vue.controller.BoardController  [0;39m [2m:[0;39m showBoardCommentByNo - 호출
[2m2022-05-26 02:19:13.318[0;39m [32mDEBUG[0;39m [35m20960[0;39m [2m---[0;39m [2m[nio-9999-exec-9][0;39m [36mc.ssafy.vue.controller.BoardController  [0;39m [2m:[0;39m detailBoard - 호출
[2m2022-05-26 02:19:13.334[0;39m [32mDEBUG[0;39m [35m20960[0;39m [2m---[0;39m [2m[nio-9999-exec-1][0;39m [36mc.ssafy.vue.controller.BoardController  [0;39m [2m:[0;39m showBoardCommentByNo - 호출
[2m2022-05-26 02:19:41.405[0;39m [32mDEBUG[0;39m [35m20960[0;39m [2m---[0;39m [2m[io-9999-exec-10][0;39m [36mc.ssafy.vue.controller.BoardController  [0;39m [2m:[0;39m detailBoard - 호출
[2m2022-05-26 02:19:41.409[0;39m [32mDEBUG[0;39m [35m20960[0;39m [2m---[0;39m [2m[nio-9999-exec-8][0;39m [36mc.ssafy.vue.controller.BoardController  [0;39m [2m:[0;39m showBoardCommentByNo - 호출
[2m2022-05-26 02:20:40.368[0;39m [32mDEBUG[0;39m [35m20960[0;39m [2m---[0;39m [2m[nio-9999-exec-4][0;39m [36mc.ssafy.vue.controller.BoardController  [0;39m [2m:[0;39m detailBoard - 호출
[2m2022-05-26 02:20:40.369[0;39m [32mDEBUG[0;39m [35m20960[0;39m [2m---[0;39m [2m[nio-9999-exec-3][0;39m [36mc.ssafy.vue.controller.BoardController  [0;39m [2m:[0;39m showBoardCommentByNo - 호출
[2m2022-05-26 02:21:55.304[0;39m [32mDEBUG[0;39m [35m20960[0;39m [2m---[0;39m [2m[nio-9999-exec-2][0;39m [36mc.ssafy.vue.controller.BoardController  [0;39m [2m:[0;39m detailBoard - 호출
[2m2022-05-26 02:21:55.305[0;39m [32mDEBUG[0;39m [35m20960[0;39m [2m---[0;39m [2m[nio-9999-exec-6][0;39m [36mc.ssafy.vue.controller.BoardController  [0;39m [2m:[0;39m showBoardCommentByNo - 호출
[2m2022-05-26 02:22:08.901[0;39m [32mDEBUG[0;39m [35m20960[0;39m [2m---[0;39m [2m[nio-9999-exec-9][0;39m [36mc.ssafy.vue.controller.BoardController  [0;39m [2m:[0;39m detailBoard - 호출
[2m2022-05-26 02:22:08.904[0;39m [32mDEBUG[0;39m [35m20960[0;39m [2m---[0;39m [2m[nio-9999-exec-1][0;39m [36mc.ssafy.vue.controller.BoardController  [0;39m [2m:[0;39m showBoardCommentByNo - 호출
[2m2022-05-26 02:22:55.665[0;39m [32mDEBUG[0;39m [35m20960[0;39m [2m---[0;39m [2m[nio-9999-exec-8][0;39m [36mc.ssafy.vue.controller.BoardController  [0;39m [2m:[0;39m detailBoard - 호출
[2m2022-05-26 02:22:55.682[0;39m [32mDEBUG[0;39m [35m20960[0;39m [2m---[0;39m [2m[io-9999-exec-10][0;39m [36mc.ssafy.vue.controller.BoardController  [0;39m [2m:[0;39m showBoardCommentByNo - 호출
[2m2022-05-26 02:24:55.678[0;39m [32mDEBUG[0;39m [35m20960[0;39m [2m---[0;39m [2m[nio-9999-exec-7][0;39m [36mc.ssafy.vue.controller.BoardController  [0;39m [2m:[0;39m detailBoard - 호출
[2m2022-05-26 02:24:55.768[0;39m [32mDEBUG[0;39m [35m20960[0;39m [2m---[0;39m [2m[nio-9999-exec-5][0;39m [36mc.ssafy.vue.controller.BoardController  [0;39m [2m:[0;39m showBoardCommentByNo - 호출
[2m2022-05-26 02:28:46.831[0;39m [32mDEBUG[0;39m [35m20960[0;39m [2m---[0;39m [2m[nio-9999-exec-1][0;39m [36mc.ssafy.vue.controller.MemberController [0;39m [2m:[0;39m 로그인 토큰정보 : eyJ0eXAiOiJKV1QiLCJyZWdEYXRlIjoxNjUzNDk5NzI2ODMxLCJhbGciOiJIUzI1NiJ9.eyJleHAiOjE2NTM1MDMzMjYsInN1YiI6ImFjY2Vzcy10b2tlbiIsInVzZXJpZCI6ImFkbWluIn0.uOS-1Xta8mw3Ooceh3fjFcPY2I8PNVguoSR_5UL-dP8
[2m2022-05-26 02:28:46.856[0;39m [32mDEBUG[0;39m [35m20960[0;39m [2m---[0;39m [2m[nio-9999-exec-9][0;39m [36mc.ssafy.vue.controller.MemberController [0;39m [2m:[0;39m userid : admin 
[2m2022-05-26 02:28:46.858[0;39m [32m INFO[0;39m [35m20960[0;39m [2m---[0;39m [2m[nio-9999-exec-9][0;39m [36mc.ssafy.vue.controller.MemberController [0;39m [2m:[0;39m 사용 가능한 토큰!!!
[2m2022-05-26 02:28:52.046[0;39m [32mDEBUG[0;39m [35m20960[0;39m [2m---[0;39m [2m[nio-9999-exec-8][0;39m [36mc.ssafy.vue.controller.BoardController  [0;39m [2m:[0;39m retrieveBoard - 호출
[2m2022-05-26 02:28:53.476[0;39m [32mDEBUG[0;39m [35m20960[0;39m [2m---[0;39m [2m[io-9999-exec-10][0;39m [36mc.ssafy.vue.controller.BoardController  [0;39m [2m:[0;39m detailBoard - 호출
[2m2022-05-26 02:28:53.507[0;39m [32mDEBUG[0;39m [35m20960[0;39m [2m---[0;39m [2m[nio-9999-exec-3][0;39m [36mc.ssafy.vue.controller.BoardController  [0;39m [2m:[0;39m showBoardCommentByNo - 호출
[2m2022-05-26 02:30:02.089[0;39m [32mDEBUG[0;39m [35m20960[0;39m [2m---[0;39m [2m[nio-9999-exec-5][0;39m [36mc.ssafy.vue.controller.BoardController  [0;39m [2m:[0;39m detailBoard - 호출
[2m2022-05-26 02:30:02.105[0;39m [32mDEBUG[0;39m [35m20960[0;39m [2m---[0;39m [2m[nio-9999-exec-6][0;39m [36mc.ssafy.vue.controller.BoardController  [0;39m [2m:[0;39m showBoardCommentByNo - 호출
[2m2022-05-26 02:30:02.413[0;39m [32mDEBUG[0;39m [35m20960[0;39m [2m---[0;39m [2m[nio-9999-exec-2][0;39m [36mc.ssafy.vue.controller.BoardController  [0;39m [2m:[0;39m detailBoard - 호출
[2m2022-05-26 02:30:02.437[0;39m [32mDEBUG[0;39m [35m20960[0;39m [2m---[0;39m [2m[nio-9999-exec-1][0;39m [36mc.ssafy.vue.controller.BoardController  [0;39m [2m:[0;39m showBoardCommentByNo - 호출
[2m2022-05-26 02:30:27.946[0;39m [32mDEBUG[0;39m [35m20960[0;39m [2m---[0;39m [2m[nio-9999-exec-9][0;39m [36mc.ssafy.vue.controller.BoardController  [0;39m [2m:[0;39m detailBoard - 호출
[2m2022-05-26 02:30:27.979[0;39m [32mDEBUG[0;39m [35m20960[0;39m [2m---[0;39m [2m[nio-9999-exec-8][0;39m [36mc.ssafy.vue.controller.BoardController  [0;39m [2m:[0;39m showBoardCommentByNo - 호출
[2m2022-05-26 02:34:22.065[0;39m [32mDEBUG[0;39m [35m20960[0;39m [2m---[0;39m [2m[nio-9999-exec-7][0;39m [36mc.ssafy.vue.controller.BoardController  [0;39m [2m:[0;39m detailBoard - 호출
[2m2022-05-26 02:34:22.125[0;39m [32mDEBUG[0;39m [35m20960[0;39m [2m---[0;39m [2m[nio-9999-exec-5][0;39m [36mc.ssafy.vue.controller.BoardController  [0;39m [2m:[0;39m showBoardCommentByNo - 호출
[2m2022-05-26 02:41:02.312[0;39m [32m INFO[0;39m [35m20960[0;39m [2m---[0;39m [2m[  restartedMain][0;39m [36mo.s.b.w.embedded.tomcat.TomcatWebServer [0;39m [2m:[0;39m Tomcat initialized with port(s): 9999 (http)
[2m2022-05-26 02:41:02.443[0;39m [32m INFO[0;39m [35m20960[0;39m [2m---[0;39m [2m[  restartedMain][0;39m [36mw.s.c.ServletWebServerApplicationContext[0;39m [2m:[0;39m Root WebApplicationContext: initialization completed in 1395 ms
[2m2022-05-26 02:41:02.878[0;39m [32m INFO[0;39m [35m20960[0;39m [2m---[0;39m [2m[  restartedMain][0;39m [36mo.s.b.d.a.OptionalLiveReloadServer      [0;39m [2m:[0;39m LiveReload server is running on port 35729
[2m2022-05-26 02:41:02.982[0;39m [32m INFO[0;39m [35m20960[0;39m [2m---[0;39m [2m[  restartedMain][0;39m [36mo.s.b.w.embedded.tomcat.TomcatWebServer [0;39m [2m:[0;39m Tomcat started on port(s): 9999 (http) with context path '/vue'
[2m2022-05-26 02:41:03.156[0;39m [32m INFO[0;39m [35m20960[0;39m [2m---[0;39m [2m[  restartedMain][0;39m [36m.ConditionEvaluationDeltaLoggingListener[0;39m [2m:[0;39m Condition evaluation unchanged
[2m2022-05-26 02:41:11.196[0;39m [32m INFO[0;39m [35m20960[0;39m [2m---[0;39m [2m[  restartedMain][0;39m [36mo.s.b.w.embedded.tomcat.TomcatWebServer [0;39m [2m:[0;39m Tomcat initialized with port(s): 9999 (http)
[2m2022-05-26 02:41:11.301[0;39m [32m INFO[0;39m [35m20960[0;39m [2m---[0;39m [2m[  restartedMain][0;39m [36mw.s.c.ServletWebServerApplicationContext[0;39m [2m:[0;39m Root WebApplicationContext: initialization completed in 914 ms
[2m2022-05-26 02:41:11.834[0;39m [32m INFO[0;39m [35m20960[0;39m [2m---[0;39m [2m[  restartedMain][0;39m [36mo.s.b.d.a.OptionalLiveReloadServer      [0;39m [2m:[0;39m LiveReload server is running on port 35729
[2m2022-05-26 02:41:11.935[0;39m [32m INFO[0;39m [35m20960[0;39m [2m---[0;39m [2m[  restartedMain][0;39m [36mo.s.b.w.embedded.tomcat.TomcatWebServer [0;39m [2m:[0;39m Tomcat started on port(s): 9999 (http) with context path '/vue'
[2m2022-05-26 02:41:12.191[0;39m [32m INFO[0;39m [35m20960[0;39m [2m---[0;39m [2m[  restartedMain][0;39m [36m.ConditionEvaluationDeltaLoggingListener[0;39m [2m:[0;39m Condition evaluation unchanged
[2m2022-05-26 02:41:21.353[0;39m [32m INFO[0;39m [35m20960[0;39m [2m---[0;39m [2m[nio-9999-exec-1][0;39m [36mo.s.web.servlet.DispatcherServlet       [0;39m [2m:[0;39m Initializing Servlet 'dispatcherServlet'
[2m2022-05-26 02:41:21.361[0;39m [32m INFO[0;39m [35m20960[0;39m [2m---[0;39m [2m[nio-9999-exec-1][0;39m [36mo.s.web.servlet.DispatcherServlet       [0;39m [2m:[0;39m Completed initialization in 5 ms
[2m2022-05-26 02:41:21.364[0;39m [32mDEBUG[0;39m [35m20960[0;39m [2m---[0;39m [2m[nio-9999-exec-1][0;39m [36mc.ssafy.vue.controller.BoardController  [0;39m [2m:[0;39m retrieveBoard - 호출
[2m2022-05-26 02:41:22.431[0;39m [32mDEBUG[0;39m [35m20960[0;39m [2m---[0;39m [2m[nio-9999-exec-2][0;39m [36mc.ssafy.vue.controller.BoardController  [0;39m [2m:[0;39m detailBoard - 호출
[2m2022-05-26 02:41:22.442[0;39m [32mDEBUG[0;39m [35m20960[0;39m [2m---[0;39m [2m[nio-9999-exec-3][0;39m [36mc.ssafy.vue.controller.BoardController  [0;39m [2m:[0;39m showBoardCommentByNo - 호출
[2m2022-05-26 02:41:25.103[0;39m [32mDEBUG[0;39m [35m20960[0;39m [2m---[0;39m [2m[nio-9999-exec-4][0;39m [36mc.ssafy.vue.controller.BoardController  [0;39m [2m:[0;39m writeBoardComment - 호출
[2m2022-05-26 02:41:29.070[0;39m [32mDEBUG[0;39m [35m20960[0;39m [2m---[0;39m [2m[nio-9999-exec-6][0;39m [36mc.ssafy.vue.controller.BoardController  [0;39m [2m:[0;39m detailBoard - 호출
[2m2022-05-26 02:41:29.115[0;39m [32mDEBUG[0;39m [35m20960[0;39m [2m---[0;39m [2m[nio-9999-exec-5][0;39m [36mc.ssafy.vue.controller.BoardController  [0;39m [2m:[0;39m showBoardCommentByNo - 호출
